<?xml version="1.0" encoding="UTF-8"?>
<testsuite name="com.example.circuitbreaker.ReadingApplicationTests" tests="2" skipped="0" failures="0" errors="0" timestamp="2018-07-31T16:13:38" hostname="DESKTOP-QBRR765" time="0.366">
  <properties/>
  <testcase name="toReadTest" classname="com.example.circuitbreaker.ReadingApplicationTests" time="0.347"/>
  <testcase name="toReadFailureTest" classname="com.example.circuitbreaker.ReadingApplicationTests" time="0.018"/>
  <system-out><![CDATA[2018-08-01 00:13:36.203  INFO 10392 --- [    Test worker] .b.t.c.SpringBootTestContextBootstrapper : Neither @ContextConfiguration nor @ContextHierarchy found for test class [com.example.circuitbreaker.ReadingApplicationTests], using SpringBootContextLoader
2018-08-01 00:13:36.204  INFO 10392 --- [    Test worker] o.s.t.c.support.AbstractContextLoader    : Could not detect default resource locations for test class [com.example.circuitbreaker.ReadingApplicationTests]: no resource found for suffixes {-context.xml, Context.groovy}.
2018-08-01 00:13:36.204  INFO 10392 --- [    Test worker] t.c.s.AnnotationConfigContextLoaderUtils : Could not detect default configuration classes for test class [com.example.circuitbreaker.ReadingApplicationTests]: ReadingApplicationTests does not declare any static, non-private, non-final, nested classes annotated with @Configuration.
2018-08-01 00:13:36.205  INFO 10392 --- [    Test worker] .b.t.c.SpringBootTestContextBootstrapper : Found @SpringBootConfiguration com.example.circuitbreaker.CircuitBreakerApplication for test class com.example.circuitbreaker.ReadingApplicationTests
2018-08-01 00:13:36.207  INFO 10392 --- [    Test worker] .b.t.c.SpringBootTestContextBootstrapper : Loaded default TestExecutionListener class names from location [META-INF/spring.factories]: [org.springframework.boot.test.autoconfigure.restdocs.RestDocsTestExecutionListener, org.springframework.boot.test.autoconfigure.web.client.MockRestServiceServerResetTestExecutionListener, org.springframework.boot.test.autoconfigure.web.servlet.MockMvcPrintOnlyOnFailureTestExecutionListener, org.springframework.boot.test.autoconfigure.web.servlet.WebDriverTestExecutionListener, org.springframework.boot.test.mock.mockito.MockitoTestExecutionListener, org.springframework.boot.test.mock.mockito.ResetMocksTestExecutionListener, org.springframework.test.context.web.ServletTestExecutionListener, org.springframework.test.context.support.DirtiesContextBeforeModesTestExecutionListener, org.springframework.test.context.support.DependencyInjectionTestExecutionListener, org.springframework.test.context.support.DirtiesContextTestExecutionListener, org.springframework.test.context.transaction.TransactionalTestExecutionListener, org.springframework.test.context.jdbc.SqlScriptsTestExecutionListener]
2018-08-01 00:13:36.208  INFO 10392 --- [    Test worker] .b.t.c.SpringBootTestContextBootstrapper : Using TestExecutionListeners: [org.springframework.test.context.web.ServletTestExecutionListener@c9c808, org.springframework.test.context.support.DirtiesContextBeforeModesTestExecutionListener@166458e3, org.springframework.boot.test.mock.mockito.MockitoTestExecutionListener@268fa63c, org.springframework.boot.test.autoconfigure.SpringBootDependencyInjectionTestExecutionListener@7339dca, org.springframework.test.context.support.DirtiesContextTestExecutionListener@49f48cac, org.springframework.boot.test.autoconfigure.restdocs.RestDocsTestExecutionListener@7d637631, org.springframework.boot.test.autoconfigure.web.client.MockRestServiceServerResetTestExecutionListener@260691e7, org.springframework.boot.test.autoconfigure.web.servlet.MockMvcPrintOnlyOnFailureTestExecutionListener@3dc08520, org.springframework.boot.test.autoconfigure.web.servlet.WebDriverTestExecutionListener@503cffd8, org.springframework.boot.test.mock.mockito.ResetMocksTestExecutionListener@3608d910]
2018-08-01 00:13:36.309  INFO 10392 --- [    Test worker] s.c.a.AnnotationConfigApplicationContext : Refreshing org.springframework.context.annotation.AnnotationConfigApplicationContext@2c05e933: startup date [Wed Aug 01 00:13:36 CST 2018]; root of context hierarchy
2018-08-01 00:13:36.340  INFO 10392 --- [    Test worker] trationDelegate$BeanPostProcessorChecker : Bean 'configurationPropertiesRebinderAutoConfiguration' of type [org.springframework.cloud.autoconfigure.ConfigurationPropertiesRebinderAutoConfiguration$$EnhancerBySpringCGLIB$$b3dba98a] is not eligible for getting processed by all BeanPostProcessors (for example: not eligible for auto-proxying)

  .   ____          _            __ _ _
 /\\ / ___'_ __ _ _(_)_ __  __ _ \ \ \ \
( ( )\___ | '_ | '_| | '_ \/ _` | \ \ \ \
 \\/  ___)| |_)| | | | | || (_| |  ) ) ) )
  '  |____| .__|_| |_|_| |_\__, | / / / /
 =========|_|==============|___/=/_/_/_/
 :: Spring Boot ::        (v2.0.4.RELEASE)

2018-08-01 00:13:36.459  INFO 10392 --- [    Test worker] c.e.c.ReadingApplicationTests            : No active profile set, falling back to default profiles: default
2018-08-01 00:13:36.462  INFO 10392 --- [    Test worker] ConfigServletWebServerApplicationContext : Refreshing org.springframework.boot.web.servlet.context.AnnotationConfigServletWebServerApplicationContext@1c412166: startup date [Wed Aug 01 00:13:36 CST 2018]; parent: org.springframework.context.annotation.AnnotationConfigApplicationContext@2c05e933
2018-08-01 00:13:36.754  INFO 10392 --- [    Test worker] o.s.cloud.context.scope.GenericScope     : BeanFactory id=dbb94f09-1498-3e0e-b368-7b927045e883
2018-08-01 00:13:36.917  INFO 10392 --- [    Test worker] trationDelegate$BeanPostProcessorChecker : Bean 'org.springframework.cloud.autoconfigure.ConfigurationPropertiesRebinderAutoConfiguration' of type [org.springframework.cloud.autoconfigure.ConfigurationPropertiesRebinderAutoConfiguration$$EnhancerBySpringCGLIB$$b3dba98a] is not eligible for getting processed by all BeanPostProcessors (for example: not eligible for auto-proxying)
2018-08-01 00:13:37.408  INFO 10392 --- [    Test worker] o.s.b.w.embedded.tomcat.TomcatWebServer  : Tomcat initialized with port(s): 0 (http)
2018-08-01 00:13:37.433  INFO 10392 --- [    Test worker] o.apache.catalina.core.StandardService   : Starting service [Tomcat]
2018-08-01 00:13:37.433  INFO 10392 --- [    Test worker] org.apache.catalina.core.StandardEngine  : Starting Servlet Engine: Apache Tomcat/8.5.32
2018-08-01 00:13:37.445  INFO 10392 --- [ost-startStop-1] o.a.catalina.core.AprLifecycleListener   : The APR based Apache Tomcat Native library which allows optimal performance in production environments was not found on the java.library.path: [D:\Program Files\Java\jdk1.8.0_172\bin;C:\WINDOWS\Sun\Java\bin;C:\WINDOWS\system32;C:\WINDOWS;D:\Program Files\apache-maven\apache-maven-3.5.4\bin;D:\Program Files\Java\jdk1.8.0_172\bin;D:\Program Files\Java\jre1.8.0_172\bin;D:\Program Files\gradle\gradle-4.8.1\bin;%CMAKE_HOME%\bin;C:\WINDOWS\system32;C:\WINDOWS;C:\WINDOWS\System32\Wbem;C:\WINDOWS\System32\WindowsPowerShell\v1.0\;D:\Program Files (x86)\CMake\bin;C:\WINDOWS\System32\OpenSSH\;C:\ProgramData\Oracle\Java\javapath;D:\Program Files\Git\cmd;C:\Program Files (x86)\Windows Kits\8.1\Windows Performance Toolkit\;D:\Program Files (x86)\MySQL\MySQL Utilities 1.6\;C:\Users\Gilbert\AppData\Local\Microsoft\WindowsApps;.]
2018-08-01 00:13:37.561  INFO 10392 --- [ost-startStop-1] o.a.c.c.C.[Tomcat].[localhost].[/]       : Initializing Spring embedded WebApplicationContext
2018-08-01 00:13:37.562  INFO 10392 --- [ost-startStop-1] o.s.web.context.ContextLoader            : Root WebApplicationContext: initialization completed in 1100 ms
2018-08-01 00:13:37.618  INFO 10392 --- [ost-startStop-1] o.s.b.w.servlet.ServletRegistrationBean  : Servlet dispatcherServlet mapped to [/]
2018-08-01 00:13:37.622  INFO 10392 --- [ost-startStop-1] o.s.b.w.servlet.FilterRegistrationBean   : Mapping filter: 'characterEncodingFilter' to: [/*]
2018-08-01 00:13:37.623  INFO 10392 --- [ost-startStop-1] o.s.b.w.servlet.FilterRegistrationBean   : Mapping filter: 'hiddenHttpMethodFilter' to: [/*]
2018-08-01 00:13:37.623  INFO 10392 --- [ost-startStop-1] o.s.b.w.servlet.FilterRegistrationBean   : Mapping filter: 'httpPutFormContentFilter' to: [/*]
2018-08-01 00:13:37.623  INFO 10392 --- [ost-startStop-1] o.s.b.w.servlet.FilterRegistrationBean   : Mapping filter: 'requestContextFilter' to: [/*]
2018-08-01 00:13:37.799  WARN 10392 --- [    Test worker] o.s.c.n.a.ArchaiusAutoConfiguration      : No spring.application.name found, defaulting to 'application'
2018-08-01 00:13:37.804  WARN 10392 --- [    Test worker] c.n.c.sources.URLConfigurationSource     : No URLs will be polled as dynamic configuration sources.
2018-08-01 00:13:37.804  INFO 10392 --- [    Test worker] c.n.c.sources.URLConfigurationSource     : To enable URLs as dynamic configuration sources, define System property archaius.configurationSource.additionalUrls or make config.properties available on classpath.
2018-08-01 00:13:37.823  WARN 10392 --- [    Test worker] c.n.c.sources.URLConfigurationSource     : No URLs will be polled as dynamic configuration sources.
2018-08-01 00:13:37.823  INFO 10392 --- [    Test worker] c.n.c.sources.URLConfigurationSource     : To enable URLs as dynamic configuration sources, define System property archaius.configurationSource.additionalUrls or make config.properties available on classpath.
2018-08-01 00:13:37.925  INFO 10392 --- [    Test worker] o.s.w.s.handler.SimpleUrlHandlerMapping  : Mapped URL path [/**/favicon.ico] onto handler of type [class org.springframework.web.servlet.resource.ResourceHttpRequestHandler]
2018-08-01 00:13:38.011  INFO 10392 --- [    Test worker] s.w.s.m.m.a.RequestMappingHandlerAdapter : Looking for @ControllerAdvice: org.springframework.boot.web.servlet.context.AnnotationConfigServletWebServerApplicationContext@1c412166: startup date [Wed Aug 01 00:13:36 CST 2018]; parent: org.springframework.context.annotation.AnnotationConfigApplicationContext@2c05e933
2018-08-01 00:13:38.080  INFO 10392 --- [    Test worker] s.w.s.m.m.a.RequestMappingHandlerMapping : Mapped "{[/to-read]}" onto public java.lang.String com.example.circuitbreaker.CircuitBreakerApplication.toRead()
2018-08-01 00:13:38.083  INFO 10392 --- [    Test worker] s.w.s.m.m.a.RequestMappingHandlerMapping : Mapped "{[/error]}" onto public org.springframework.http.ResponseEntity<java.util.Map<java.lang.String, java.lang.Object>> org.springframework.boot.autoconfigure.web.servlet.error.BasicErrorController.error(javax.servlet.http.HttpServletRequest)
2018-08-01 00:13:38.084  INFO 10392 --- [    Test worker] s.w.s.m.m.a.RequestMappingHandlerMapping : Mapped "{[/error],produces=[text/html]}" onto public org.springframework.web.servlet.ModelAndView org.springframework.boot.autoconfigure.web.servlet.error.BasicErrorController.errorHtml(javax.servlet.http.HttpServletRequest,javax.servlet.http.HttpServletResponse)
2018-08-01 00:13:38.116  INFO 10392 --- [    Test worker] o.s.w.s.handler.SimpleUrlHandlerMapping  : Mapped URL path [/webjars/**] onto handler of type [class org.springframework.web.servlet.resource.ResourceHttpRequestHandler]
2018-08-01 00:13:38.116  INFO 10392 --- [    Test worker] o.s.w.s.handler.SimpleUrlHandlerMapping  : Mapped URL path [/**] onto handler of type [class org.springframework.web.servlet.resource.ResourceHttpRequestHandler]
2018-08-01 00:13:38.410  INFO 10392 --- [    Test worker] o.s.b.w.embedded.tomcat.TomcatWebServer  : Tomcat started on port(s): 14039 (http) with context path ''
2018-08-01 00:13:38.411  INFO 10392 --- [    Test worker] c.e.c.ReadingApplicationTests            : Started ReadingApplicationTests in 2.201 seconds (JVM running for 4.535)
2018-08-01 00:13:38.499  INFO 10392 --- [o-auto-1-exec-1] o.a.c.c.C.[Tomcat].[localhost].[/]       : Initializing Spring FrameworkServlet 'dispatcherServlet'
2018-08-01 00:13:38.499  INFO 10392 --- [o-auto-1-exec-1] o.s.web.servlet.DispatcherServlet        : FrameworkServlet 'dispatcherServlet': initialization started
2018-08-01 00:13:38.519  INFO 10392 --- [o-auto-1-exec-1] o.s.web.servlet.DispatcherServlet        : FrameworkServlet 'dispatcherServlet': initialization completed in 20 ms
]]></system-out>
  <system-err><![CDATA[]]></system-err>
</testsuite>
