<?xml version="1.0" encoding="UTF-8"?>
<testsuite name="com.example.ribboncloud.UserApplicationTests" tests="1" skipped="0" failures="0" errors="0" timestamp="2018-08-01T12:47:44" hostname="DESKTOP-QBRR765" time="4.445">
  <properties/>
  <testcase name="shouldRoundRobinOverInstancesWhenCallingServicesViaRibbon" classname="com.example.ribboncloud.UserApplicationTests" time="4.445"/>
  <system-out><![CDATA[20:47:40.601 [Test worker] DEBUG org.springframework.test.context.junit4.SpringJUnit4ClassRunner - SpringJUnit4ClassRunner constructor called with [class com.example.ribboncloud.UserApplicationTests]
20:47:40.609 [Test worker] DEBUG org.springframework.test.context.BootstrapUtils - Instantiating CacheAwareContextLoaderDelegate from class [org.springframework.test.context.cache.DefaultCacheAwareContextLoaderDelegate]
20:47:40.619 [Test worker] DEBUG org.springframework.test.context.BootstrapUtils - Instantiating BootstrapContext using constructor [public org.springframework.test.context.support.DefaultBootstrapContext(java.lang.Class,org.springframework.test.context.CacheAwareContextLoaderDelegate)]
20:47:40.634 [Test worker] DEBUG org.springframework.test.context.BootstrapUtils - Instantiating TestContextBootstrapper for test class [com.example.ribboncloud.UserApplicationTests] from class [org.springframework.boot.test.context.SpringBootTestContextBootstrapper]
20:47:40.641 [Test worker] INFO org.springframework.boot.test.context.SpringBootTestContextBootstrapper - Neither @ContextConfiguration nor @ContextHierarchy found for test class [com.example.ribboncloud.UserApplicationTests], using SpringBootContextLoader
20:47:40.643 [Test worker] DEBUG org.springframework.test.context.support.AbstractContextLoader - Did not detect default resource location for test class [com.example.ribboncloud.UserApplicationTests]: class path resource [com/example/ribboncloud/UserApplicationTests-context.xml] does not exist
20:47:40.644 [Test worker] DEBUG org.springframework.test.context.support.AbstractContextLoader - Did not detect default resource location for test class [com.example.ribboncloud.UserApplicationTests]: class path resource [com/example/ribboncloud/UserApplicationTestsContext.groovy] does not exist
20:47:40.644 [Test worker] INFO org.springframework.test.context.support.AbstractContextLoader - Could not detect default resource locations for test class [com.example.ribboncloud.UserApplicationTests]: no resource found for suffixes {-context.xml, Context.groovy}.
20:47:40.691 [Test worker] DEBUG org.springframework.test.context.support.ActiveProfilesUtils - Could not find an 'annotation declaring class' for annotation type [org.springframework.test.context.ActiveProfiles] and class [com.example.ribboncloud.UserApplicationTests]
20:47:40.825 [Test worker] DEBUG org.springframework.boot.test.context.SpringBootTestContextBootstrapper - @TestExecutionListeners is not present for class [com.example.ribboncloud.UserApplicationTests]: using defaults.
20:47:40.825 [Test worker] INFO org.springframework.boot.test.context.SpringBootTestContextBootstrapper - Loaded default TestExecutionListener class names from location [META-INF/spring.factories]: [org.springframework.boot.test.autoconfigure.restdocs.RestDocsTestExecutionListener, org.springframework.boot.test.autoconfigure.web.client.MockRestServiceServerResetTestExecutionListener, org.springframework.boot.test.autoconfigure.web.servlet.MockMvcPrintOnlyOnFailureTestExecutionListener, org.springframework.boot.test.autoconfigure.web.servlet.WebDriverTestExecutionListener, org.springframework.boot.test.mock.mockito.MockitoTestExecutionListener, org.springframework.boot.test.mock.mockito.ResetMocksTestExecutionListener, org.springframework.test.context.web.ServletTestExecutionListener, org.springframework.test.context.support.DirtiesContextBeforeModesTestExecutionListener, org.springframework.test.context.support.DependencyInjectionTestExecutionListener, org.springframework.test.context.support.DirtiesContextTestExecutionListener, org.springframework.test.context.transaction.TransactionalTestExecutionListener, org.springframework.test.context.jdbc.SqlScriptsTestExecutionListener]
20:47:40.834 [Test worker] DEBUG org.springframework.boot.test.context.SpringBootTestContextBootstrapper - Skipping candidate TestExecutionListener [org.springframework.test.context.transaction.TransactionalTestExecutionListener] due to a missing dependency. Specify custom listener classes or make the default listener classes and their required dependencies available. Offending class: [org/springframework/transaction/interceptor/TransactionAttributeSource]
20:47:40.835 [Test worker] DEBUG org.springframework.boot.test.context.SpringBootTestContextBootstrapper - Skipping candidate TestExecutionListener [org.springframework.test.context.jdbc.SqlScriptsTestExecutionListener] due to a missing dependency. Specify custom listener classes or make the default listener classes and their required dependencies available. Offending class: [org/springframework/transaction/interceptor/TransactionAttribute]
20:47:40.835 [Test worker] INFO org.springframework.boot.test.context.SpringBootTestContextBootstrapper - Using TestExecutionListeners: [org.springframework.test.context.web.ServletTestExecutionListener@593f512a, org.springframework.test.context.support.DirtiesContextBeforeModesTestExecutionListener@277fd58c, org.springframework.boot.test.mock.mockito.MockitoTestExecutionListener@76aabf74, org.springframework.boot.test.autoconfigure.SpringBootDependencyInjectionTestExecutionListener@44abbfd5, org.springframework.test.context.support.DirtiesContextTestExecutionListener@67be006b, org.springframework.boot.test.autoconfigure.restdocs.RestDocsTestExecutionListener@3e347aa5, org.springframework.boot.test.autoconfigure.web.client.MockRestServiceServerResetTestExecutionListener@1d462308, org.springframework.boot.test.autoconfigure.web.servlet.MockMvcPrintOnlyOnFailureTestExecutionListener@40a7262, org.springframework.boot.test.autoconfigure.web.servlet.WebDriverTestExecutionListener@13a087d0, org.springframework.boot.test.mock.mockito.ResetMocksTestExecutionListener@e5c2653]
20:47:40.838 [Test worker] DEBUG org.springframework.test.annotation.ProfileValueUtils - Retrieved @ProfileValueSourceConfiguration [null] for test class [com.example.ribboncloud.UserApplicationTests]
20:47:40.838 [Test worker] DEBUG org.springframework.test.annotation.ProfileValueUtils - Retrieved ProfileValueSource type [class org.springframework.test.annotation.SystemProfileValueSource] for class [com.example.ribboncloud.UserApplicationTests]
20:47:40.838 [Test worker] DEBUG org.springframework.test.annotation.ProfileValueUtils - Retrieved @ProfileValueSourceConfiguration [null] for test class [com.example.ribboncloud.UserApplicationTests]
20:47:40.838 [Test worker] DEBUG org.springframework.test.annotation.ProfileValueUtils - Retrieved ProfileValueSource type [class org.springframework.test.annotation.SystemProfileValueSource] for class [com.example.ribboncloud.UserApplicationTests]
20:47:40.842 [Test worker] DEBUG org.springframework.test.context.support.AbstractDirtiesContextTestExecutionListener - Before test class: context [DefaultTestContext@72e2fd77 testClass = UserApplicationTests, testInstance = [null], testMethod = [null], testException = [null], mergedContextConfiguration = [WebMergedContextConfiguration@32153d4 testClass = UserApplicationTests, locations = '{}', classes = '{class com.example.ribboncloud.RibbonCloudApplication, class com.example.ribboncloud.RibbonCloudApplication}', contextInitializerClasses = '[]', activeProfiles = '{}', propertySourceLocations = '{}', propertySourceProperties = '{org.springframework.boot.test.context.SpringBootTestContextBootstrapper=true, server.port=0}', contextCustomizers = set[org.springframework.boot.test.autoconfigure.properties.PropertyMappingContextCustomizer@0, org.springframework.boot.test.autoconfigure.web.servlet.WebDriverContextCustomizerFactory$Customizer@136eb0e2, org.springframework.boot.test.context.filter.ExcludeFilterContextCustomizer@963424f, org.springframework.boot.test.json.DuplicateJsonObjectContextCustomizerFactory$DuplicateJsonObjectContextCustomizer@1b54f442, org.springframework.boot.test.mock.mockito.MockitoContextCustomizer@0, org.springframework.boot.test.web.client.TestRestTemplateContextCustomizer@26d3d36a], resourceBasePath = 'src/main/webapp', contextLoader = 'org.springframework.boot.test.context.SpringBootContextLoader', parent = [null]], attributes = map['org.springframework.test.context.web.ServletTestExecutionListener.activateListener' -> false]], class annotated with @DirtiesContext [false] with mode [null].
20:47:40.842 [Test worker] DEBUG org.springframework.test.annotation.ProfileValueUtils - Retrieved @ProfileValueSourceConfiguration [null] for test class [com.example.ribboncloud.UserApplicationTests]
20:47:40.843 [Test worker] DEBUG org.springframework.test.annotation.ProfileValueUtils - Retrieved ProfileValueSource type [class org.springframework.test.annotation.SystemProfileValueSource] for class [com.example.ribboncloud.UserApplicationTests]
20:47:40.846 [Test worker] DEBUG org.springframework.test.context.support.DependencyInjectionTestExecutionListener - Performing dependency injection for test context [[DefaultTestContext@72e2fd77 testClass = UserApplicationTests, testInstance = com.example.ribboncloud.UserApplicationTests@4a73dbcc, testMethod = [null], testException = [null], mergedContextConfiguration = [WebMergedContextConfiguration@32153d4 testClass = UserApplicationTests, locations = '{}', classes = '{class com.example.ribboncloud.RibbonCloudApplication, class com.example.ribboncloud.RibbonCloudApplication}', contextInitializerClasses = '[]', activeProfiles = '{}', propertySourceLocations = '{}', propertySourceProperties = '{org.springframework.boot.test.context.SpringBootTestContextBootstrapper=true, server.port=0}', contextCustomizers = set[org.springframework.boot.test.autoconfigure.properties.PropertyMappingContextCustomizer@0, org.springframework.boot.test.autoconfigure.web.servlet.WebDriverContextCustomizerFactory$Customizer@136eb0e2, org.springframework.boot.test.context.filter.ExcludeFilterContextCustomizer@963424f, org.springframework.boot.test.json.DuplicateJsonObjectContextCustomizerFactory$DuplicateJsonObjectContextCustomizer@1b54f442, org.springframework.boot.test.mock.mockito.MockitoContextCustomizer@0, org.springframework.boot.test.web.client.TestRestTemplateContextCustomizer@26d3d36a], resourceBasePath = 'src/main/webapp', contextLoader = 'org.springframework.boot.test.context.SpringBootContextLoader', parent = [null]], attributes = map['org.springframework.test.context.web.ServletTestExecutionListener.activateListener' -> false]]].
20:47:40.865 [Test worker] DEBUG org.springframework.core.env.StandardEnvironment - Adding PropertySource 'systemProperties' with lowest search precedence
20:47:40.865 [Test worker] DEBUG org.springframework.core.env.StandardEnvironment - Adding PropertySource 'systemEnvironment' with lowest search precedence
20:47:40.865 [Test worker] DEBUG org.springframework.core.env.StandardEnvironment - Initialized StandardEnvironment with PropertySources [MapPropertySource@351202222 {name='systemProperties', properties={java.runtime.name=Java(TM) SE Runtime Environment, sun.boot.library.path=D:\Program Files\Java\jdk1.8.0_172\jre\bin, java.vm.version=25.172-b11, java.vm.vendor=Oracle Corporation, java.vendor.url=http://java.oracle.com/, path.separator=;, java.vm.name=Java HotSpot(TM) 64-Bit Server VM, file.encoding.pkg=sun.io, user.script=, sun.java.launcher=SUN_STANDARD, user.country=CN, sun.os.patch.level=, java.vm.specification.name=Java Virtual Machine Specification, user.dir=E:\git\Spring-Guides\ribbon-cloud\user, java.runtime.version=1.8.0_172-b11, java.awt.graphicsenv=sun.awt.Win32GraphicsEnvironment, java.endorsed.dirs=D:\Program Files\Java\jdk1.8.0_172\jre\lib\endorsed, os.arch=amd64, java.io.tmpdir=C:\Users\Gilbert\AppData\Local\Temp\, line.separator=
, java.vm.specification.vendor=Oracle Corporation, user.variant=, os.name=Windows 10, sun.jnu.encoding=GBK, java.library.path=D:\Program Files\Java\jdk1.8.0_172\bin;C:\WINDOWS\Sun\Java\bin;C:\WINDOWS\system32;C:\WINDOWS;D:\Program Files\apache-maven\apache-maven-3.5.4\bin;D:\Program Files\Java\jdk1.8.0_172\bin;D:\Program Files\Java\jre1.8.0_172\bin;D:\Program Files\gradle\gradle-4.8.1\bin;%CMAKE_HOME%\bin;C:\WINDOWS\system32;C:\WINDOWS;C:\WINDOWS\System32\Wbem;C:\WINDOWS\System32\WindowsPowerShell\v1.0\;D:\Program Files (x86)\CMake\bin;C:\WINDOWS\System32\OpenSSH\;C:\ProgramData\Oracle\Java\javapath;D:\Program Files\Git\cmd;C:\Program Files (x86)\Windows Kits\8.1\Windows Performance Toolkit\;D:\Program Files (x86)\MySQL\MySQL Utilities 1.6\;C:\Users\Gilbert\AppData\Local\Microsoft\WindowsApps;;., java.specification.name=Java Platform API Specification, java.class.version=52.0, org.gradle.native=false, sun.management.compiler=HotSpot 64-Bit Tiered Compilers, os.version=10.0, user.home=C:\Users\Gilbert, user.timezone=Asia/Shanghai, java.awt.printerjob=sun.awt.windows.WPrinterJob, file.encoding=GBK, java.specification.version=1.8, java.class.path=E:\git\Spring-Guides\ribbon-cloud\user\build\classes\java\test;E:\git\Spring-Guides\ribbon-cloud\user\build\resources\test;E:\git\Spring-Guides\ribbon-cloud\user\build\classes\java\main;E:\git\Spring-Guides\ribbon-cloud\user\build\resources\main;C:\Users\Gilbert\.gradle\caches\modules-2\files-2.1\org.springframework.cloud\spring-cloud-starter-netflix-ribbon\2.0.0.RELEASE\54551f0533b77600e8fc96dd1add232a56a6ae31\spring-cloud-starter-netflix-ribbon-2.0.0.RELEASE.jar;C:\Users\Gilbert\.gradle\caches\modules-2\files-2.1\org.springframework.boot\spring-boot-starter-web\2.0.4.RELEASE\98d49e981ecf804da877d84259b7b0d1ec2fb6f6\spring-boot-starter-web-2.0.4.RELEASE.jar;C:\Users\Gilbert\.gradle\caches\modules-2\files-2.1\org.springframework.boot\spring-boot-starter-test\2.0.4.RELEASE\8f473705d2742b669f0318f10a956f94a93ba3d2\spring-boot-starter-test-2.0.4.RELEASE.jar;C:\Users\Gilbert\.gradle\caches\modules-2\files-2.1\org.springframework.cloud\spring-cloud-starter-netflix-archaius\2.0.0.RELEASE\a9a5b5d2e314c85cb805b17f546a2cb84f81ed4c\spring-cloud-starter-netflix-archaius-2.0.0.RELEASE.jar;C:\Users\Gilbert\.gradle\caches\modules-2\files-2.1\org.springframework.cloud\spring-cloud-starter\2.0.0.RELEASE\247ea27d9483e9806f539f6031af135a6a3645f\spring-cloud-starter-2.0.0.RELEASE.jar;C:\Users\Gilbert\.gradle\caches\modules-2\files-2.1\org.springframework.cloud\spring-cloud-netflix-ribbon\2.0.0.RELEASE\e4e1c06a1cb5d335404d5d016768b7a54726eb57\spring-cloud-netflix-ribbon-2.0.0.RELEASE.jar;C:\Users\Gilbert\.gradle\caches\modules-2\files-2.1\com.netflix.ribbon\ribbon\2.2.5\3f97c8acfc68c35012f00d10b9ac63fc8f48d790\ribbon-2.2.5.jar;C:\Users\Gilbert\.gradle\caches\modules-2\files-2.1\com.netflix.ribbon\ribbon-httpclient\2.2.5\e2662937935d218f2c63105f6df39c3dfa0d06a1\ribbon-httpclient-2.2.5.jar;C:\Users\Gilbert\.gradle\caches\modules-2\files-2.1\com.netflix.ribbon\ribbon-transport\2.2.5\7c8e321322a98c72a36f4a81f84cafe21273c010\ribbon-transport-2.2.5.jar;C:\Users\Gilbert\.gradle\caches\modules-2\files-2.1\com.netflix.ribbon\ribbon-loadbalancer\2.2.5\5f713ef0b8d01580666face5e91d8c6af1daa468\ribbon-loadbalancer-2.2.5.jar;C:\Users\Gilbert\.gradle\caches\modules-2\files-2.1\com.netflix.ribbon\ribbon-core\2.2.5\80b6fe934799269073e69c5d7e67334459ef7e2e\ribbon-core-2.2.5.jar;C:\Users\Gilbert\.gradle\caches\modules-2\files-2.1\com.netflix.hystrix\hystrix-core\1.5.12\75379b6671fcaa9cec33035df684a68ec7741ca6\hystrix-core-1.5.12.jar;C:\Users\Gilbert\.gradle\caches\modules-2\files-2.1\io.reactivex\rxnetty-contexts\0.4.9\6efe17a25602a5424c18ab975aa9c28b6d6b7f56\rxnetty-contexts-0.4.9.jar;C:\Users\Gilbert\.gradle\caches\modules-2\files-2.1\io.reactivex\rxnetty-servo\0.4.9\b7d6d6e132686c280f16710eaa3e90719f6808f8\rxnetty-servo-0.4.9.jar;C:\Users\Gilbert\.gradle\caches\modules-2\files-2.1\io.reactivex\rxnetty\0.4.9\5aff3c9d6bb9d9066c378bb3d2a4413ed1773bcf\rxnetty-0.4.9.jar;C:\Users\Gilbert\.gradle\caches\modules-2\files-2.1\io.reactivex\rxjava\1.2.0\42bfaf64c94f3848ebf5cf1c2ea4ec9d1b3ac6c8\rxjava-1.2.0.jar;C:\Users\Gilbert\.gradle\caches\modules-2\files-2.1\org.springframework.boot\spring-boot-starter-json\2.0.4.RELEASE\c7afabf0d7c85db178da4ce0634e3bd2ddb0eb71\spring-boot-starter-json-2.0.4.RELEASE.jar;C:\Users\Gilbert\.gradle\caches\modules-2\files-2.1\org.springframework.boot\spring-boot-starter\2.0.4.RELEASE\ec46c63a2adeee40058eff1a6baefca13975dc94\spring-boot-starter-2.0.4.RELEASE.jar;C:\Users\Gilbert\.gradle\caches\modules-2\files-2.1\org.springframework.boot\spring-boot-starter-tomcat\2.0.4.RELEASE\dcf28989a34b0801fea0e810c371fb9dab1e7784\spring-boot-starter-tomcat-2.0.4.RELEASE.jar;C:\Users\Gilbert\.gradle\caches\modules-2\files-2.1\org.hibernate.validator\hibernate-validator\6.0.11.Final\36f9d10a11e4768f55e8fb91ebe4338a5c43954e\hibernate-validator-6.0.11.Final.jar;C:\Users\Gilbert\.gradle\caches\modules-2\files-2.1\org.springframework\spring-webmvc\5.0.8.RELEASE\7e5fe57590ca8e4468e50fe1d92b0b67aa4a327a\spring-webmvc-5.0.8.RELEASE.jar;C:\Users\Gilbert\.gradle\caches\modules-2\files-2.1\org.springframework\spring-web\5.0.8.RELEASE\fa43cdadb4ab2491fd1d0ddb06c0808e4b60fc85\spring-web-5.0.8.RELEASE.jar;C:\Users\Gilbert\.gradle\caches\modules-2\files-2.1\org.springframework.boot\spring-boot-test-autoconfigure\2.0.4.RELEASE\8a2e3f31e607fdb08deda2f59263ce177f1c4310\spring-boot-test-autoconfigure-2.0.4.RELEASE.jar;C:\Users\Gilbert\.gradle\caches\modules-2\files-2.1\org.springframework.boot\spring-boot-test\2.0.4.RELEASE\8a17fc3cf16b6d75f2ba132ade04409a670095de\spring-boot-test-2.0.4.RELEASE.jar;C:\Users\Gilbert\.gradle\caches\modules-2\files-2.1\com.jayway.jsonpath\json-path\2.4.0\765a4401ceb2dc8d40553c2075eb80a8fa35c2ae\json-path-2.4.0.jar;C:\Users\Gilbert\.gradle\caches\modules-2\files-2.1\junit\junit\4.12\2973d150c0dc1fefe998f834810d68f278ea58ec\junit-4.12.jar;C:\Users\Gilbert\.gradle\caches\modules-2\files-2.1\org.assertj\assertj-core\3.9.1\c5ce126b15f28d56cd8f960c1a6a058b9c9aea87\assertj-core-3.9.1.jar;C:\Users\Gilbert\.gradle\caches\modules-2\files-2.1\org.mockito\mockito-core\2.15.0\b84bfbbc29cd22c9529409627af6ea2897f4fa85\mockito-core-2.15.0.jar;C:\Users\Gilbert\.gradle\caches\modules-2\files-2.1\org.hamcrest\hamcrest-library\1.3\4785a3c21320980282f9f33d0d1264a69040538f\hamcrest-library-1.3.jar;C:\Users\Gilbert\.gradle\caches\modules-2\files-2.1\org.hamcrest\hamcrest-core\1.3\42a25dc3219429f0e5d060061f71acb49bf010a0\hamcrest-core-1.3.jar;C:\Users\Gilbert\.gradle\caches\modules-2\files-2.1\org.skyscreamer\jsonassert\1.5.0\6c9d5fe2f59da598d9aefc1cfc6528ff3cf32df3\jsonassert-1.5.0.jar;C:\Users\Gilbert\.gradle\caches\modules-2\files-2.1\org.springframework\spring-test\5.0.8.RELEASE\5782619373bd7e7b7d9106203c317b04bb613ebb\spring-test-5.0.8.RELEASE.jar;C:\Users\Gilbert\.gradle\caches\modules-2\files-2.1\org.springframework.boot\spring-boot-autoconfigure\2.0.4.RELEASE\65cd1244d606acc02ab7bfc47a203a3fe2400dda\spring-boot-autoconfigure-2.0.4.RELEASE.jar;C:\Users\Gilbert\.gradle\caches\modules-2\files-2.1\org.springframework.boot\spring-boot\2.0.4.RELEASE\c8619c5b06d4dcdb4cac1e5e9c839e6e8b1c8574\spring-boot-2.0.4.RELEASE.jar;C:\Users\Gilbert\.gradle\caches\modules-2\files-2.1\org.springframework\spring-context\5.0.8.RELEASE\3a067d8990761111c9b6d1d895640be26cc1fb38\spring-context-5.0.8.RELEASE.jar;C:\Users\Gilbert\.gradle\caches\modules-2\files-2.1\org.springframework\spring-expression\5.0.8.RELEASE\f23158f22c917df2cddf2ecebc398a9e95f95fae\spring-expression-5.0.8.RELEASE.jar;C:\Users\Gilbert\.gradle\caches\modules-2\files-2.1\org.springframework\spring-aop\5.0.8.RELEASE\f5086c1a3185c481104511837427b39a07a57aa2\spring-aop-5.0.8.RELEASE.jar;C:\Users\Gilbert\.gradle\caches\modules-2\files-2.1\org.springframework\spring-beans\5.0.8.RELEASE\5fc965d3e7f5515099244857a8ae9e2a208c169b\spring-beans-5.0.8.RELEASE.jar;C:\Users\Gilbert\.gradle\caches\modules-2\files-2.1\org.springframework\spring-core\5.0.8.RELEASE\dc39c49e3246cdf73d3786ac41119140aed3fa08\spring-core-5.0.8.RELEASE.jar;C:\Users\Gilbert\.gradle\caches\modules-2\files-2.1\org.xmlunit\xmlunit-core\2.5.1\4ffdb346572a7356f7521cd3119ce5287d2e339d\xmlunit-core-2.5.1.jar;C:\Users\Gilbert\.gradle\caches\modules-2\files-2.1\org.springframework.cloud\spring-cloud-context\2.0.0.RELEASE\3f0d28344c0dc74eb8594f3f3dd6f82c687be198\spring-cloud-context-2.0.0.RELEASE.jar;C:\Users\Gilbert\.gradle\caches\modules-2\files-2.1\org.springframework.cloud\spring-cloud-commons\2.0.0.RELEASE\54ba9a1ace0a8c8e0dd0cdf30e59def4700ab854\spring-cloud-commons-2.0.0.RELEASE.jar;C:\Users\Gilbert\.gradle\caches\modules-2\files-2.1\org.springframework.security\spring-security-rsa\1.0.5.RELEASE\31bd1111ada2f455eb0f492ed09e39deda18ca99\spring-security-rsa-1.0.5.RELEASE.jar;C:\Users\Gilbert\.gradle\caches\modules-2\files-2.1\org.springframework.cloud\spring-cloud-netflix-archaius\2.0.0.RELEASE\ba86a26ef23ff32194d521dcf8d7d4f2b5b61454\spring-cloud-netflix-archaius-2.0.0.RELEASE.jar;C:\Users\Gilbert\.gradle\caches\modules-2\files-2.1\com.netflix.archaius\archaius-core\0.7.6\be0c1024d08ad68ec25f9f32b0e9df1ab7ecb45b\archaius-core-0.7.6.jar;C:\Users\Gilbert\.gradle\caches\modules-2\files-2.1\commons-configuration\commons-configuration\1.8\6cce40435bcd8018018f16898de01976b319941a\commons-configuration-1.8.jar;C:\Users\Gilbert\.gradle\caches\modules-2\files-2.1\com.netflix.netflix-commons\netflix-commons-util\0.3.0\8a6ffc41308c300197918eff3df1a7447ddaf468\netflix-commons-util-0.3.0.jar;C:\Users\Gilbert\.gradle\caches\modules-2\files-2.1\javax.inject\javax.inject\1\6975da39a7040257bd51d21a231b76c915872d38\javax.inject-1.jar;C:\Users\Gilbert\.gradle\caches\modules-2\files-2.1\com.netflix.servo\servo-core\0.12.21\f56c3bf161217be98fbe4135adf8480590db9c37\servo-core-0.12.21.jar;C:\Users\Gilbert\.gradle\caches\modules-2\files-2.1\com.google.guava\guava\19.0\6ce200f6b23222af3d8abb6b6459e6c44f4bb0e9\guava-19.0.jar;C:\Users\Gilbert\.gradle\caches\modules-2\files-2.1\com.netflix.netflix-commons\netflix-statistics\0.1.1\12f6e48253f9cafa0e24d7d232ff504c52143212\netflix-statistics-0.1.1.jar;C:\Users\Gilbert\.gradle\caches\modules-2\files-2.1\org.springframework.boot\spring-boot-starter-logging\2.0.4.RELEASE\dcd1a2c431c970f44adae64d9145133979a513ab\spring-boot-starter-logging-2.0.4.RELEASE.jar;C:\Users\Gilbert\.gradle\caches\modules-2\files-2.1\ch.qos.logback\logback-classic\1.2.3\7c4f3c474fb2c041d8028740440937705ebb473a\logback-classic-1.2.3.jar;C:\Users\Gilbert\.gradle\caches\modules-2\files-2.1\org.apache.logging.log4j\log4j-to-slf4j\2.10.0\f7e631ccf49cfc0aefa4a2a728da7d374c05bd3c\log4j-to-slf4j-2.10.0.jar;C:\Users\Gilbert\.gradle\caches\modules-2\files-2.1\org.slf4j\jul-to-slf4j\1.7.25\af5364cd6679bfffb114f0dec8a157aaa283b76\jul-to-slf4j-1.7.25.jar;C:\Users\Gilbert\.gradle\caches\modules-2\files-2.1\org.slf4j\slf4j-api\1.7.25\da76ca59f6a57ee3102f8f9bd9cee742973efa8a\slf4j-api-1.7.25.jar;C:\Users\Gilbert\.gradle\caches\modules-2\files-2.1\commons-lang\commons-lang\2.6\ce1edb914c94ebc388f086c6827e8bdeec71ac2\commons-lang-2.6.jar;C:\Users\Gilbert\.gradle\caches\modules-2\files-2.1\commons-collections\commons-collections\3.2.2\8ad72fe39fa8c91eaaf12aadb21e0c3661fe26d5\commons-collections-3.2.2.jar;C:\Users\Gilbert\.gradle\caches\modules-2\files-2.1\com.sun.jersey.contribs\jersey-apache-client4\1.19.1\e1c45701a003097ace96bed4bc8fb937e9867498\jersey-apache-client4-1.19.1.jar;C:\Users\Gilbert\.gradle\caches\modules-2\files-2.1\org.apache.httpcomponents\httpclient\4.5.6\1afe5621985efe90a92d0fbc9be86271efbe796f\httpclient-4.5.6.jar;C:\Users\Gilbert\.gradle\caches\modules-2\files-2.1\com.sun.jersey\jersey-client\1.19.1\2df97ebd4e5c01599584c45caa3aeb563d268eef\jersey-client-1.19.1.jar;C:\Users\Gilbert\.gradle\caches\modules-2\files-2.1\javax.annotation\javax.annotation-api\1.3.2\934c04d3cfef185a8008e7bf34331b79730a9d43\javax.annotation-api-1.3.2.jar;C:\Users\Gilbert\.gradle\caches\modules-2\files-2.1\org.yaml\snakeyaml\1.19\2d998d3d674b172a588e54ab619854d073f555b5\snakeyaml-1.19.jar;C:\Users\Gilbert\.gradle\caches\modules-2\files-2.1\com.fasterxml.jackson.datatype\jackson-datatype-jdk8\2.9.6\456895fc91bf7180b216fead220373e6278230c9\jackson-datatype-jdk8-2.9.6.jar;C:\Users\Gilbert\.gradle\caches\modules-2\files-2.1\com.fasterxml.jackson.datatype\jackson-datatype-jsr310\2.9.6\ea54f6193d224e5e5732bbd4262327eb465397c2\jackson-datatype-jsr310-2.9.6.jar;C:\Users\Gilbert\.gradle\caches\modules-2\files-2.1\com.fasterxml.jackson.module\jackson-module-parameter-names\2.9.6\129acd77a4b6ee30d62d3a0899b1344c8ec2bff8\jackson-module-parameter-names-2.9.6.jar;C:\Users\Gilbert\.gradle\caches\modules-2\files-2.1\com.fasterxml.jackson.core\jackson-databind\2.9.6\cfa4f316351a91bfd95cb0644c6a2c95f52db1fc\jackson-databind-2.9.6.jar;C:\Users\Gilbert\.gradle\caches\modules-2\files-2.1\org.apache.tomcat.embed\tomcat-embed-websocket\8.5.32\ea5302e378f1449d4e5dda79e8d810c1e7931f91\tomcat-embed-websocket-8.5.32.jar;C:\Users\Gilbert\.gradle\caches\modules-2\files-2.1\org.apache.tomcat.embed\tomcat-embed-core\8.5.32\6bc6896200146010cc4666bdc6b9b0cbb453ee22\tomcat-embed-core-8.5.32.jar;C:\Users\Gilbert\.gradle\caches\modules-2\files-2.1\org.apache.tomcat.embed\tomcat-embed-el\8.5.32\e4fd0ee015d83fa1c5ec93ff1d05bdaf9a4480c5\tomcat-embed-el-8.5.32.jar;C:\Users\Gilbert\.gradle\caches\modules-2\files-2.1\javax.validation\validation-api\2.0.1.Final\cb855558e6271b1b32e716d24cb85c7f583ce09e\validation-api-2.0.1.Final.jar;C:\Users\Gilbert\.gradle\caches\modules-2\files-2.1\org.jboss.logging\jboss-logging\3.3.2.Final\3789d00e859632e6c6206adc0c71625559e6e3b0\jboss-logging-3.3.2.Final.jar;C:\Users\Gilbert\.gradle\caches\modules-2\files-2.1\com.fasterxml\classmate\1.3.4\3d5f48f10bbe4eb7bd862f10c0583be2e0053c6\classmate-1.3.4.jar;C:\Users\Gilbert\.gradle\caches\modules-2\files-2.1\net.minidev\json-smart\2.3\7396407491352ce4fa30de92efb158adb76b5b\json-smart-2.3.jar;C:\Users\Gilbert\.gradle\caches\modules-2\files-2.1\net.bytebuddy\byte-buddy\1.7.11\f02857a4e2c66ccbe7aaad6100a0a6c461bce9b3\byte-buddy-1.7.11.jar;C:\Users\Gilbert\.gradle\caches\modules-2\files-2.1\net.bytebuddy\byte-buddy-agent\1.7.11\b425a8933ca07edd03c6dbc8bc3b595fba9780de\byte-buddy-agent-1.7.11.jar;C:\Users\Gilbert\.gradle\caches\modules-2\files-2.1\org.objenesis\objenesis\2.6\639033469776fd37c08358c6b92a4761feb2af4b\objenesis-2.6.jar;C:\Users\Gilbert\.gradle\caches\modules-2\files-2.1\com.vaadin.external.google\android-json\0.0.20131108.vaadin1\fa26d351fe62a6a17f5cda1287c1c6110dec413f\android-json-0.0.20131108.vaadin1.jar;C:\Users\Gilbert\.gradle\caches\modules-2\files-2.1\org.springframework\spring-jcl\5.0.8.RELEASE\a1fa8fb560fb252321776e16bc9ac8201af4ef5e\spring-jcl-5.0.8.RELEASE.jar;C:\Users\Gilbert\.gradle\caches\modules-2\files-2.1\org.springframework.security\spring-security-crypto\5.0.7.RELEASE\51112a1fdcd0d4964f74bcba8355d536b53ae9a8\spring-security-crypto-5.0.7.RELEASE.jar;C:\Users\Gilbert\.gradle\caches\modules-2\files-2.1\org.bouncycastle\bcpkix-jdk15on\1.56\4648af70268b6fdb24674fb1fd7c1fcc73db1231\bcpkix-jdk15on-1.56.jar;C:\Users\Gilbert\.gradle\caches\modules-2\files-2.1\com.google.code.findbugs\jsr305\3.0.1\f7be08ec23c21485b9b5a1cf1654c2ec8c58168d\jsr305-3.0.1.jar;C:\Users\Gilbert\.gradle\caches\modules-2\files-2.1\com.fasterxml.jackson.core\jackson-annotations\2.9.0\7c10d545325e3a6e72e06381afe469fd40eb701\jackson-annotations-2.9.0.jar;C:\Users\Gilbert\.gradle\caches\modules-2\files-2.1\com.fasterxml.jackson.core\jackson-core\2.9.6\4e393793c37c77e042ccc7be5a914ae39251b365\jackson-core-2.9.6.jar;C:\Users\Gilbert\.gradle\caches\modules-2\files-2.1\org.hdrhistogram\HdrHistogram\2.1.9\e4631ce165eb400edecfa32e03d3f1be53dee754\HdrHistogram-2.1.9.jar;C:\Users\Gilbert\.gradle\caches\modules-2\files-2.1\io.netty\netty-codec-http\4.1.27.Final\a1722d6bcbbef1c4c7877e8bf38b07a3db5ed07f\netty-codec-http-4.1.27.Final.jar;C:\Users\Gilbert\.gradle\caches\modules-2\files-2.1\io.netty\netty-transport-native-epoll\4.1.27.Final\addbd481940a3cce57cb5736ecef5db909b7b5d0\netty-transport-native-epoll-4.1.27.Final.jar;C:\Users\Gilbert\.gradle\caches\modules-2\files-2.1\org.apache.httpcomponents\httpcore\4.4.10\acc54d9b28bdffe4bbde89ed2e4a1e86b5285e2b\httpcore-4.4.10.jar;C:\Users\Gilbert\.gradle\caches\modules-2\files-2.1\commons-codec\commons-codec\1.11\3acb4705652e16236558f0f4f2192cc33c3bd189\commons-codec-1.11.jar;C:\Users\Gilbert\.gradle\caches\modules-2\files-2.1\com.sun.jersey\jersey-core\1.19.1\4282d106f2acd5051bd9bc2935ed9a2920c9385\jersey-core-1.19.1.jar;C:\Users\Gilbert\.gradle\caches\modules-2\files-2.1\net.minidev\accessors-smart\1.2\c592b500269bfde36096641b01238a8350f8aa31\accessors-smart-1.2.jar;C:\Users\Gilbert\.gradle\caches\modules-2\files-2.1\org.bouncycastle\bcprov-jdk15on\1.56\a153c6f9744a3e9dd6feab5e210e1c9861362ec7\bcprov-jdk15on-1.56.jar;C:\Users\Gilbert\.gradle\caches\modules-2\files-2.1\io.netty\netty-codec\4.1.27.Final\d2653d78ebaa650064768fb26b10051f5c8efb2c\netty-codec-4.1.27.Final.jar;C:\Users\Gilbert\.gradle\caches\modules-2\files-2.1\io.netty\netty-transport-native-unix-common\4.1.27.Final\2b0667fe5c1df78c6cfbf9d53ad8b1fb533fb8e8\netty-transport-native-unix-common-4.1.27.Final.jar;C:\Users\Gilbert\.gradle\caches\modules-2\files-2.1\io.netty\netty-transport\4.1.27.Final\b5c2da3ea89dd67320925f1504c9eb3615241b7c\netty-transport-4.1.27.Final.jar;C:\Users\Gilbert\.gradle\caches\modules-2\files-2.1\io.netty\netty-buffer\4.1.27.Final\aafe2b9fb0d8f3b200cf10b9fd6486c6a722d7a1\netty-buffer-4.1.27.Final.jar;C:\Users\Gilbert\.gradle\caches\modules-2\files-2.1\io.netty\netty-resolver\4.1.27.Final\2536447ef9605ccb2b5203aa22392c6514484ea9\netty-resolver-4.1.27.Final.jar;C:\Users\Gilbert\.gradle\caches\modules-2\files-2.1\io.netty\netty-common\4.1.27.Final\6a12a969c27fb37b230c4bde5a67bd822fa6b7a4\netty-common-4.1.27.Final.jar;C:\Users\Gilbert\.gradle\caches\modules-2\files-2.1\javax.ws.rs\jsr311-api\1.1.1\59033da2a1afd56af1ac576750a8d0b1830d59e6\jsr311-api-1.1.1.jar;C:\Users\Gilbert\.gradle\caches\modules-2\files-2.1\ch.qos.logback\logback-core\1.2.3\864344400c3d4d92dfeb0a305dc87d953677c03c\logback-core-1.2.3.jar;C:\Users\Gilbert\.gradle\caches\modules-2\files-2.1\org.apache.logging.log4j\log4j-api\2.10.0\fec5797a55b786184a537abd39c3fa1449d752d6\log4j-api-2.10.0.jar;C:\Users\Gilbert\.gradle\caches\modules-2\files-2.1\org.ow2.asm\asm\5.0.4\da08b8cce7bbf903602a25a3a163ae252435795\asm-5.0.4.jar, user.name=Gilbert, java.vm.specification.version=1.8, sun.java.command=worker.org.gradle.process.internal.worker.GradleWorkerMain 'Gradle Test Executor 1', java.home=D:\Program Files\Java\jdk1.8.0_172\jre, sun.arch.data.model=64, user.language=zh, java.specification.vendor=Oracle Corporation, awt.toolkit=sun.awt.windows.WToolkit, java.vm.info=mixed mode, java.version=1.8.0_172, java.ext.dirs=D:\Program Files\Java\jdk1.8.0_172\jre\lib\ext;C:\WINDOWS\Sun\Java\lib\ext, sun.boot.class.path=D:\Program Files\Java\jdk1.8.0_172\jre\lib\resources.jar;D:\Program Files\Java\jdk1.8.0_172\jre\lib\rt.jar;D:\Program Files\Java\jdk1.8.0_172\jre\lib\sunrsasign.jar;D:\Program Files\Java\jdk1.8.0_172\jre\lib\jsse.jar;D:\Program Files\Java\jdk1.8.0_172\jre\lib\jce.jar;D:\Program Files\Java\jdk1.8.0_172\jre\lib\charsets.jar;D:\Program Files\Java\jdk1.8.0_172\jre\lib\jfr.jar;D:\Program Files\Java\jdk1.8.0_172\jre\classes, java.vendor=Oracle Corporation, org.gradle.test.worker=1, file.separator=\, java.vendor.url.bug=http://bugreport.sun.com/bugreport/, sun.io.unicode.encoding=UnicodeLittle, sun.cpu.endian=little, sun.desktop=windows, sun.cpu.isalist=amd64}}, SystemEnvironmentPropertySource@360632063 {name='systemEnvironment', properties={USERDOMAIN_ROAMINGPROFILE=DESKTOP-QBRR765, LOCALAPPDATA=C:\Users\Gilbert\AppData\Local, PROCESSOR_LEVEL=6, VS140COMNTOOLS=D:\Program Files (x86)\Microsoft Visual Studio 14.0\Common7\Tools\, USERDOMAIN=DESKTOP-QBRR765, LOGONSERVER=\\DESKTOP-QBRR765, JAVA_HOME=D:\Program Files\Java\jdk1.8.0_172, SESSIONNAME=Console, ALLUSERSPROFILE=C:\ProgramData, PROCESSOR_ARCHITECTURE=AMD64, CMKAE_HOME=D:\Program Files (x86)\CMake, GRADLE_HOME=D:\Program Files\gradle\gradle-4.8.1, PSModulePath=C:\Program Files\WindowsPowerShell\Modules;C:\WINDOWS\system32\WindowsPowerShell\v1.0\Modules, SystemDrive=C:, ERLANG_HOME=D:\Program Files\erl10.0.1, JRE_HOME=D:\Program Files\Java\jre1.8.0_172, VS100COMNTOOLS=D:\Program Files (x86)\Microsoft Visual Studio 10.0\Common7\Tools\, OneDrive=C:\Users\Gilbert\OneDrive, APPDATA=C:\Users\Gilbert\AppData\Roaming, USERNAME=Gilbert, ProgramFiles(x86)=C:\Program Files (x86), CommonProgramFiles=C:\Program Files\Common Files, Path=D:\Program Files\apache-maven\apache-maven-3.5.4\bin;D:\Program Files\Java\jdk1.8.0_172\bin;D:\Program Files\Java\jre1.8.0_172\bin;D:\Program Files\gradle\gradle-4.8.1\bin;%CMAKE_HOME%\bin;C:\WINDOWS\system32;C:\WINDOWS;C:\WINDOWS\System32\Wbem;C:\WINDOWS\System32\WindowsPowerShell\v1.0\;D:\Program Files (x86)\CMake\bin;C:\WINDOWS\System32\OpenSSH\;C:\ProgramData\Oracle\Java\javapath;D:\Program Files\Git\cmd;C:\Program Files (x86)\Windows Kits\8.1\Windows Performance Toolkit\;D:\Program Files (x86)\MySQL\MySQL Utilities 1.6\;C:\Users\Gilbert\AppData\Local\Microsoft\WindowsApps;, PATHEXT=.COM;.EXE;.BAT;.CMD;.VBS;.VBE;.JS;.JSE;.WSF;.WSH;.MSC, DriverData=C:\Windows\System32\Drivers\DriverData, Maven_Home=D:\Program Files\apache-maven\apache-maven-3.5.4, OS=Windows_NT, COMPUTERNAME=DESKTOP-QBRR765, PROCESSOR_REVISION=8e0a, CLASSPATH=D:\Program Files\Java\jdk1.8.0_172\lib;D:\Program Files\Java\jre1.8.0_172\lib;, CommonProgramW6432=C:\Program Files\Common Files, ComSpec=C:\WINDOWS\system32\cmd.exe, ProgramData=C:\ProgramData, ProgramW6432=C:\Program Files, HOMEPATH=\Users\Gilbert, SystemRoot=C:\WINDOWS, TEMP=C:\Users\Gilbert\AppData\Local\Temp, HOMEDRIVE=C:, PROCESSOR_IDENTIFIER=Intel64 Family 6 Model 142 Stepping 10, GenuineIntel, USERPROFILE=C:\Users\Gilbert, TMP=C:\Users\Gilbert\AppData\Local\Temp, CommonProgramFiles(x86)=C:\Program Files (x86)\Common Files, ProgramFiles=C:\Program Files, PUBLIC=C:\Users\Public, NUMBER_OF_PROCESSORS=8, windir=C:\WINDOWS, =::=::\}}]
20:47:40.870 [Test worker] DEBUG org.springframework.test.context.support.TestPropertySourceUtils - Adding inlined properties to environment: {spring.jmx.enabled=false, org.springframework.boot.test.context.SpringBootTestContextBootstrapper=true, server.port=0}
20:47:40.871 [Test worker] DEBUG org.springframework.core.env.StandardEnvironment - Adding PropertySource 'Inlined Test Properties' with highest search precedence
2018-08-01 20:47:41.298  INFO 10876 --- [    Test worker] s.c.a.AnnotationConfigApplicationContext : Refreshing org.springframework.context.annotation.AnnotationConfigApplicationContext@6db63509: startup date [Wed Aug 01 20:47:41 CST 2018]; root of context hierarchy
2018-08-01 20:47:41.527  INFO 10876 --- [    Test worker] f.a.AutowiredAnnotationBeanPostProcessor : JSR-330 'javax.inject.Inject' annotation found and supported for autowiring
2018-08-01 20:47:41.559  INFO 10876 --- [    Test worker] trationDelegate$BeanPostProcessorChecker : Bean 'configurationPropertiesRebinderAutoConfiguration' of type [org.springframework.cloud.autoconfigure.ConfigurationPropertiesRebinderAutoConfiguration$$EnhancerBySpringCGLIB$$57ee2864] is not eligible for getting processed by all BeanPostProcessors (for example: not eligible for auto-proxying)

  .   ____          _            __ _ _
 /\\ / ___'_ __ _ _(_)_ __  __ _ \ \ \ \
( ( )\___ | '_ | '_| | '_ \/ _` | \ \ \ \
 \\/  ___)| |_)| | | | | || (_| |  ) ) ) )
  '  |____| .__|_| |_|_| |_\__, | / / / /
 =========|_|==============|___/=/_/_/_/
 :: Spring Boot ::        (v2.0.4.RELEASE)

2018-08-01 20:47:41.896  INFO 10876 --- [    Test worker] c.e.ribboncloud.UserApplicationTests     : No active profile set, falling back to default profiles: default
2018-08-01 20:47:41.900  INFO 10876 --- [    Test worker] ConfigServletWebServerApplicationContext : Refreshing org.springframework.boot.web.servlet.context.AnnotationConfigServletWebServerApplicationContext@3ab7f931: startup date [Wed Aug 01 20:47:41 CST 2018]; parent: org.springframework.context.annotation.AnnotationConfigApplicationContext@6db63509
2018-08-01 20:47:42.386  INFO 10876 --- [    Test worker] o.s.cloud.context.scope.GenericScope     : BeanFactory id=0626b361-a52d-33ba-bce2-84ab5c1d5203
2018-08-01 20:47:42.431  INFO 10876 --- [    Test worker] f.a.AutowiredAnnotationBeanPostProcessor : JSR-330 'javax.inject.Inject' annotation found and supported for autowiring
2018-08-01 20:47:42.498  INFO 10876 --- [    Test worker] trationDelegate$BeanPostProcessorChecker : Bean 'org.springframework.cloud.autoconfigure.ConfigurationPropertiesRebinderAutoConfiguration' of type [org.springframework.cloud.autoconfigure.ConfigurationPropertiesRebinderAutoConfiguration$$EnhancerBySpringCGLIB$$57ee2864] is not eligible for getting processed by all BeanPostProcessors (for example: not eligible for auto-proxying)
2018-08-01 20:47:42.962  INFO 10876 --- [    Test worker] o.s.b.w.embedded.tomcat.TomcatWebServer  : Tomcat initialized with port(s): 0 (http)
2018-08-01 20:47:42.988  INFO 10876 --- [    Test worker] o.apache.catalina.core.StandardService   : Starting service [Tomcat]
2018-08-01 20:47:42.990  INFO 10876 --- [    Test worker] org.apache.catalina.core.StandardEngine  : Starting Servlet Engine: Apache Tomcat/8.5.32
2018-08-01 20:47:42.999  INFO 10876 --- [ost-startStop-1] o.a.catalina.core.AprLifecycleListener   : The APR based Apache Tomcat Native library which allows optimal performance in production environments was not found on the java.library.path: [D:\Program Files\Java\jdk1.8.0_172\bin;C:\WINDOWS\Sun\Java\bin;C:\WINDOWS\system32;C:\WINDOWS;D:\Program Files\apache-maven\apache-maven-3.5.4\bin;D:\Program Files\Java\jdk1.8.0_172\bin;D:\Program Files\Java\jre1.8.0_172\bin;D:\Program Files\gradle\gradle-4.8.1\bin;%CMAKE_HOME%\bin;C:\WINDOWS\system32;C:\WINDOWS;C:\WINDOWS\System32\Wbem;C:\WINDOWS\System32\WindowsPowerShell\v1.0\;D:\Program Files (x86)\CMake\bin;C:\WINDOWS\System32\OpenSSH\;C:\ProgramData\Oracle\Java\javapath;D:\Program Files\Git\cmd;C:\Program Files (x86)\Windows Kits\8.1\Windows Performance Toolkit\;D:\Program Files (x86)\MySQL\MySQL Utilities 1.6\;C:\Users\Gilbert\AppData\Local\Microsoft\WindowsApps;;.]
2018-08-01 20:47:43.132  INFO 10876 --- [ost-startStop-1] o.a.c.c.C.[Tomcat].[localhost].[/]       : Initializing Spring embedded WebApplicationContext
2018-08-01 20:47:43.132  INFO 10876 --- [ost-startStop-1] o.s.web.context.ContextLoader            : Root WebApplicationContext: initialization completed in 1232 ms
2018-08-01 20:47:43.188  INFO 10876 --- [ost-startStop-1] o.s.b.w.servlet.ServletRegistrationBean  : Servlet dispatcherServlet mapped to [/]
2018-08-01 20:47:43.192  INFO 10876 --- [ost-startStop-1] o.s.b.w.servlet.FilterRegistrationBean   : Mapping filter: 'characterEncodingFilter' to: [/*]
2018-08-01 20:47:43.192  INFO 10876 --- [ost-startStop-1] o.s.b.w.servlet.FilterRegistrationBean   : Mapping filter: 'hiddenHttpMethodFilter' to: [/*]
2018-08-01 20:47:43.192  INFO 10876 --- [ost-startStop-1] o.s.b.w.servlet.FilterRegistrationBean   : Mapping filter: 'httpPutFormContentFilter' to: [/*]
2018-08-01 20:47:43.192  INFO 10876 --- [ost-startStop-1] o.s.b.w.servlet.FilterRegistrationBean   : Mapping filter: 'requestContextFilter' to: [/*]
2018-08-01 20:47:43.265  WARN 10876 --- [    Test worker] c.n.c.sources.URLConfigurationSource     : No URLs will be polled as dynamic configuration sources.
2018-08-01 20:47:43.266  INFO 10876 --- [    Test worker] c.n.c.sources.URLConfigurationSource     : To enable URLs as dynamic configuration sources, define System property archaius.configurationSource.additionalUrls or make config.properties available on classpath.
2018-08-01 20:47:43.271  WARN 10876 --- [    Test worker] c.n.c.sources.URLConfigurationSource     : No URLs will be polled as dynamic configuration sources.
2018-08-01 20:47:43.271  INFO 10876 --- [    Test worker] c.n.c.sources.URLConfigurationSource     : To enable URLs as dynamic configuration sources, define System property archaius.configurationSource.additionalUrls or make config.properties available on classpath.
2018-08-01 20:47:43.352  INFO 10876 --- [    Test worker] o.s.w.s.handler.SimpleUrlHandlerMapping  : Mapped URL path [/**/favicon.ico] onto handler of type [class org.springframework.web.servlet.resource.ResourceHttpRequestHandler]
2018-08-01 20:47:43.527  INFO 10876 --- [    Test worker] s.w.s.m.m.a.RequestMappingHandlerAdapter : Looking for @ControllerAdvice: org.springframework.boot.web.servlet.context.AnnotationConfigServletWebServerApplicationContext@3ab7f931: startup date [Wed Aug 01 20:47:41 CST 2018]; parent: org.springframework.context.annotation.AnnotationConfigApplicationContext@6db63509
2018-08-01 20:47:43.593  INFO 10876 --- [    Test worker] s.w.s.m.m.a.RequestMappingHandlerMapping : Mapped "{[/hi]}" onto public java.lang.String com.example.ribboncloud.RibbonCloudApplication.hi(java.lang.String)
2018-08-01 20:47:43.597  INFO 10876 --- [    Test worker] s.w.s.m.m.a.RequestMappingHandlerMapping : Mapped "{[/error]}" onto public org.springframework.http.ResponseEntity<java.util.Map<java.lang.String, java.lang.Object>> org.springframework.boot.autoconfigure.web.servlet.error.BasicErrorController.error(javax.servlet.http.HttpServletRequest)
2018-08-01 20:47:43.598  INFO 10876 --- [    Test worker] s.w.s.m.m.a.RequestMappingHandlerMapping : Mapped "{[/error],produces=[text/html]}" onto public org.springframework.web.servlet.ModelAndView org.springframework.boot.autoconfigure.web.servlet.error.BasicErrorController.errorHtml(javax.servlet.http.HttpServletRequest,javax.servlet.http.HttpServletResponse)
2018-08-01 20:47:43.631  INFO 10876 --- [    Test worker] o.s.w.s.handler.SimpleUrlHandlerMapping  : Mapped URL path [/webjars/**] onto handler of type [class org.springframework.web.servlet.resource.ResourceHttpRequestHandler]
2018-08-01 20:47:43.631  INFO 10876 --- [    Test worker] o.s.w.s.handler.SimpleUrlHandlerMapping  : Mapped URL path [/**] onto handler of type [class org.springframework.web.servlet.resource.ResourceHttpRequestHandler]
2018-08-01 20:47:44.314  INFO 10876 --- [    Test worker] o.s.b.w.embedded.tomcat.TomcatWebServer  : Tomcat started on port(s): 16476 (http) with context path ''
2018-08-01 20:47:44.318  INFO 10876 --- [    Test worker] c.e.ribboncloud.UserApplicationTests     : Started UserApplicationTests in 3.443 seconds (JVM running for 4.513)
2018-08-01 20:47:44.540  INFO 10876 --- [    Test worker] s.c.a.AnnotationConfigApplicationContext : Refreshing org.springframework.context.annotation.AnnotationConfigApplicationContext@6935591c: startup date [Wed Aug 01 20:47:44 CST 2018]; root of context hierarchy
2018-08-01 20:47:44.560  INFO 10876 --- [    Test worker] f.a.AutowiredAnnotationBeanPostProcessor : JSR-330 'javax.inject.Inject' annotation found and supported for autowiring
2018-08-01 20:47:44.574  INFO 10876 --- [    Test worker] trationDelegate$BeanPostProcessorChecker : Bean 'configurationPropertiesRebinderAutoConfiguration' of type [org.springframework.cloud.autoconfigure.ConfigurationPropertiesRebinderAutoConfiguration$$EnhancerBySpringCGLIB$$57ee2864] is not eligible for getting processed by all BeanPostProcessors (for example: not eligible for auto-proxying)

  .   ____          _            __ _ _
 /\\ / ___'_ __ _ _(_)_ __  __ _ \ \ \ \
( ( )\___ | '_ | '_| | '_ \/ _` | \ \ \ \
 \\/  ___)| |_)| | | | | || (_| |  ) ) ) )
  '  |____| .__|_| |_|_| |_\__, | / / / /
 =========|_|==============|___/=/_/_/_/
 :: Spring Boot ::        (v2.0.4.RELEASE)

2018-08-01 20:47:44.710  INFO 10876 --- [    Test worker] o.s.boot.SpringApplication               : No active profile set, falling back to default profiles: default
2018-08-01 20:47:44.712  INFO 10876 --- [    Test worker] ConfigServletWebServerApplicationContext : Refreshing org.springframework.boot.web.servlet.context.AnnotationConfigServletWebServerApplicationContext@5af45cad: startup date [Wed Aug 01 20:47:44 CST 2018]; parent: org.springframework.context.annotation.AnnotationConfigApplicationContext@6935591c
2018-08-01 20:47:44.885  INFO 10876 --- [    Test worker] o.s.cloud.context.scope.GenericScope     : BeanFactory id=eca9de82-6ba5-37a5-bed7-423c2a26809a
2018-08-01 20:47:44.899  INFO 10876 --- [    Test worker] f.a.AutowiredAnnotationBeanPostProcessor : JSR-330 'javax.inject.Inject' annotation found and supported for autowiring
2018-08-01 20:47:44.927  INFO 10876 --- [    Test worker] trationDelegate$BeanPostProcessorChecker : Bean 'org.springframework.cloud.autoconfigure.ConfigurationPropertiesRebinderAutoConfiguration' of type [org.springframework.cloud.autoconfigure.ConfigurationPropertiesRebinderAutoConfiguration$$EnhancerBySpringCGLIB$$57ee2864] is not eligible for getting processed by all BeanPostProcessors (for example: not eligible for auto-proxying)
2018-08-01 20:47:45.021  INFO 10876 --- [    Test worker] o.s.b.w.embedded.tomcat.TomcatWebServer  : Tomcat initialized with port(s): 8090 (http)
2018-08-01 20:47:45.022  INFO 10876 --- [    Test worker] o.apache.catalina.core.StandardService   : Starting service [Tomcat]
2018-08-01 20:47:45.023  INFO 10876 --- [    Test worker] org.apache.catalina.core.StandardEngine  : Starting Servlet Engine: Apache Tomcat/8.5.32
2018-08-01 20:47:45.048  INFO 10876 --- [ost-startStop-1] o.a.c.c.C.[Tomcat-1].[localhost].[/]     : Initializing Spring embedded WebApplicationContext
2018-08-01 20:47:45.049  INFO 10876 --- [ost-startStop-1] o.s.web.context.ContextLoader            : Root WebApplicationContext: initialization completed in 337 ms
2018-08-01 20:47:45.088  INFO 10876 --- [ost-startStop-1] o.s.b.w.servlet.ServletRegistrationBean  : Servlet dispatcherServlet mapped to [/]
2018-08-01 20:47:45.088  INFO 10876 --- [ost-startStop-1] o.s.b.w.servlet.FilterRegistrationBean   : Mapping filter: 'characterEncodingFilter' to: [/*]
2018-08-01 20:47:45.089  INFO 10876 --- [ost-startStop-1] o.s.b.w.servlet.FilterRegistrationBean   : Mapping filter: 'hiddenHttpMethodFilter' to: [/*]
2018-08-01 20:47:45.089  INFO 10876 --- [ost-startStop-1] o.s.b.w.servlet.FilterRegistrationBean   : Mapping filter: 'httpPutFormContentFilter' to: [/*]
2018-08-01 20:47:45.089  INFO 10876 --- [ost-startStop-1] o.s.b.w.servlet.FilterRegistrationBean   : Mapping filter: 'requestContextFilter' to: [/*]
2018-08-01 20:47:45.116  WARN 10876 --- [    Test worker] o.s.c.n.a.ArchaiusAutoConfiguration      : Netflix ConfigurationManager has already been installed, unable to re-install
2018-08-01 20:47:45.167  INFO 10876 --- [    Test worker] o.s.w.s.handler.SimpleUrlHandlerMapping  : Mapped URL path [/**/favicon.ico] onto handler of type [class org.springframework.web.servlet.resource.ResourceHttpRequestHandler]
2018-08-01 20:47:45.251  INFO 10876 --- [    Test worker] s.w.s.m.m.a.RequestMappingHandlerAdapter : Looking for @ControllerAdvice: org.springframework.boot.web.servlet.context.AnnotationConfigServletWebServerApplicationContext@5af45cad: startup date [Wed Aug 01 20:47:44 CST 2018]; parent: org.springframework.context.annotation.AnnotationConfigApplicationContext@6935591c
2018-08-01 20:47:45.263  INFO 10876 --- [    Test worker] s.w.s.m.m.a.RequestMappingHandlerMapping : Mapped "{[/]}" onto public java.lang.String com.example.ribboncloud.UserApplicationTests$TestApplication.health()
2018-08-01 20:47:45.263  INFO 10876 --- [    Test worker] s.w.s.m.m.a.RequestMappingHandlerMapping : Mapped "{[/greeting]}" onto public java.lang.Integer com.example.ribboncloud.UserApplicationTests$TestApplication.greet()
2018-08-01 20:47:45.265  INFO 10876 --- [    Test worker] s.w.s.m.m.a.RequestMappingHandlerMapping : Mapped "{[/error]}" onto public org.springframework.http.ResponseEntity<java.util.Map<java.lang.String, java.lang.Object>> org.springframework.boot.autoconfigure.web.servlet.error.BasicErrorController.error(javax.servlet.http.HttpServletRequest)
2018-08-01 20:47:45.266  INFO 10876 --- [    Test worker] s.w.s.m.m.a.RequestMappingHandlerMapping : Mapped "{[/error],produces=[text/html]}" onto public org.springframework.web.servlet.ModelAndView org.springframework.boot.autoconfigure.web.servlet.error.BasicErrorController.errorHtml(javax.servlet.http.HttpServletRequest,javax.servlet.http.HttpServletResponse)
2018-08-01 20:47:45.284  INFO 10876 --- [    Test worker] o.s.w.s.handler.SimpleUrlHandlerMapping  : Mapped URL path [/webjars/**] onto handler of type [class org.springframework.web.servlet.resource.ResourceHttpRequestHandler]
2018-08-01 20:47:45.284  INFO 10876 --- [    Test worker] o.s.w.s.handler.SimpleUrlHandlerMapping  : Mapped URL path [/**] onto handler of type [class org.springframework.web.servlet.resource.ResourceHttpRequestHandler]
2018-08-01 20:47:45.573  INFO 10876 --- [    Test worker] o.s.b.w.embedded.tomcat.TomcatWebServer  : Tomcat started on port(s): 8090 (http) with context path ''
2018-08-01 20:47:45.574  INFO 10876 --- [    Test worker] o.s.boot.SpringApplication               : Started application in 1.163 seconds (JVM running for 5.77)
2018-08-01 20:47:45.695  INFO 10876 --- [    Test worker] s.c.a.AnnotationConfigApplicationContext : Refreshing org.springframework.context.annotation.AnnotationConfigApplicationContext@7e13dcef: startup date [Wed Aug 01 20:47:45 CST 2018]; root of context hierarchy
2018-08-01 20:47:45.712  INFO 10876 --- [    Test worker] f.a.AutowiredAnnotationBeanPostProcessor : JSR-330 'javax.inject.Inject' annotation found and supported for autowiring
2018-08-01 20:47:45.724  INFO 10876 --- [    Test worker] trationDelegate$BeanPostProcessorChecker : Bean 'configurationPropertiesRebinderAutoConfiguration' of type [org.springframework.cloud.autoconfigure.ConfigurationPropertiesRebinderAutoConfiguration$$EnhancerBySpringCGLIB$$57ee2864] is not eligible for getting processed by all BeanPostProcessors (for example: not eligible for auto-proxying)

  .   ____          _            __ _ _
 /\\ / ___'_ __ _ _(_)_ __  __ _ \ \ \ \
( ( )\___ | '_ | '_| | '_ \/ _` | \ \ \ \
 \\/  ___)| |_)| | | | | || (_| |  ) ) ) )
  '  |____| .__|_| |_|_| |_\__, | / / / /
 =========|_|==============|___/=/_/_/_/
 :: Spring Boot ::        (v2.0.4.RELEASE)

2018-08-01 20:47:45.878  INFO 10876 --- [    Test worker] o.s.boot.SpringApplication               : No active profile set, falling back to default profiles: default
2018-08-01 20:47:45.880  INFO 10876 --- [    Test worker] ConfigServletWebServerApplicationContext : Refreshing org.springframework.boot.web.servlet.context.AnnotationConfigServletWebServerApplicationContext@d92d1bb: startup date [Wed Aug 01 20:47:45 CST 2018]; parent: org.springframework.context.annotation.AnnotationConfigApplicationContext@7e13dcef
2018-08-01 20:47:46.021  INFO 10876 --- [    Test worker] o.s.cloud.context.scope.GenericScope     : BeanFactory id=eca9de82-6ba5-37a5-bed7-423c2a26809a
2018-08-01 20:47:46.030  INFO 10876 --- [    Test worker] f.a.AutowiredAnnotationBeanPostProcessor : JSR-330 'javax.inject.Inject' annotation found and supported for autowiring
2018-08-01 20:47:46.058  INFO 10876 --- [    Test worker] trationDelegate$BeanPostProcessorChecker : Bean 'org.springframework.cloud.autoconfigure.ConfigurationPropertiesRebinderAutoConfiguration' of type [org.springframework.cloud.autoconfigure.ConfigurationPropertiesRebinderAutoConfiguration$$EnhancerBySpringCGLIB$$57ee2864] is not eligible for getting processed by all BeanPostProcessors (for example: not eligible for auto-proxying)
2018-08-01 20:47:46.144  INFO 10876 --- [    Test worker] o.s.b.w.embedded.tomcat.TomcatWebServer  : Tomcat initialized with port(s): 9092 (http)
2018-08-01 20:47:46.145  INFO 10876 --- [    Test worker] o.apache.catalina.core.StandardService   : Starting service [Tomcat]
2018-08-01 20:47:46.145  INFO 10876 --- [    Test worker] org.apache.catalina.core.StandardEngine  : Starting Servlet Engine: Apache Tomcat/8.5.32
2018-08-01 20:47:46.173  INFO 10876 --- [ost-startStop-1] o.a.c.c.C.[Tomcat-2].[localhost].[/]     : Initializing Spring embedded WebApplicationContext
2018-08-01 20:47:46.174  INFO 10876 --- [ost-startStop-1] o.s.web.context.ContextLoader            : Root WebApplicationContext: initialization completed in 294 ms
2018-08-01 20:47:46.221  INFO 10876 --- [ost-startStop-1] o.s.b.w.servlet.ServletRegistrationBean  : Servlet dispatcherServlet mapped to [/]
2018-08-01 20:47:46.222  INFO 10876 --- [ost-startStop-1] o.s.b.w.servlet.FilterRegistrationBean   : Mapping filter: 'characterEncodingFilter' to: [/*]
2018-08-01 20:47:46.222  INFO 10876 --- [ost-startStop-1] o.s.b.w.servlet.FilterRegistrationBean   : Mapping filter: 'hiddenHttpMethodFilter' to: [/*]
2018-08-01 20:47:46.222  INFO 10876 --- [ost-startStop-1] o.s.b.w.servlet.FilterRegistrationBean   : Mapping filter: 'httpPutFormContentFilter' to: [/*]
2018-08-01 20:47:46.222  INFO 10876 --- [ost-startStop-1] o.s.b.w.servlet.FilterRegistrationBean   : Mapping filter: 'requestContextFilter' to: [/*]
2018-08-01 20:47:46.247  WARN 10876 --- [    Test worker] o.s.c.n.a.ArchaiusAutoConfiguration      : Netflix ConfigurationManager has already been installed, unable to re-install
2018-08-01 20:47:46.284  INFO 10876 --- [    Test worker] o.s.w.s.handler.SimpleUrlHandlerMapping  : Mapped URL path [/**/favicon.ico] onto handler of type [class org.springframework.web.servlet.resource.ResourceHttpRequestHandler]
2018-08-01 20:47:46.354  INFO 10876 --- [    Test worker] s.w.s.m.m.a.RequestMappingHandlerAdapter : Looking for @ControllerAdvice: org.springframework.boot.web.servlet.context.AnnotationConfigServletWebServerApplicationContext@d92d1bb: startup date [Wed Aug 01 20:47:45 CST 2018]; parent: org.springframework.context.annotation.AnnotationConfigApplicationContext@7e13dcef
2018-08-01 20:47:46.367  INFO 10876 --- [    Test worker] s.w.s.m.m.a.RequestMappingHandlerMapping : Mapped "{[/]}" onto public java.lang.String com.example.ribboncloud.UserApplicationTests$TestApplication.health()
2018-08-01 20:47:46.367  INFO 10876 --- [    Test worker] s.w.s.m.m.a.RequestMappingHandlerMapping : Mapped "{[/greeting]}" onto public java.lang.Integer com.example.ribboncloud.UserApplicationTests$TestApplication.greet()
2018-08-01 20:47:46.369  INFO 10876 --- [    Test worker] s.w.s.m.m.a.RequestMappingHandlerMapping : Mapped "{[/error]}" onto public org.springframework.http.ResponseEntity<java.util.Map<java.lang.String, java.lang.Object>> org.springframework.boot.autoconfigure.web.servlet.error.BasicErrorController.error(javax.servlet.http.HttpServletRequest)
2018-08-01 20:47:46.370  INFO 10876 --- [    Test worker] s.w.s.m.m.a.RequestMappingHandlerMapping : Mapped "{[/error],produces=[text/html]}" onto public org.springframework.web.servlet.ModelAndView org.springframework.boot.autoconfigure.web.servlet.error.BasicErrorController.errorHtml(javax.servlet.http.HttpServletRequest,javax.servlet.http.HttpServletResponse)
2018-08-01 20:47:46.387  INFO 10876 --- [    Test worker] o.s.w.s.handler.SimpleUrlHandlerMapping  : Mapped URL path [/webjars/**] onto handler of type [class org.springframework.web.servlet.resource.ResourceHttpRequestHandler]
2018-08-01 20:47:46.388  INFO 10876 --- [    Test worker] o.s.w.s.handler.SimpleUrlHandlerMapping  : Mapped URL path [/**] onto handler of type [class org.springframework.web.servlet.resource.ResourceHttpRequestHandler]
2018-08-01 20:47:46.641  INFO 10876 --- [    Test worker] o.s.b.w.embedded.tomcat.TomcatWebServer  : Tomcat started on port(s): 9092 (http) with context path ''
2018-08-01 20:47:46.642  INFO 10876 --- [    Test worker] o.s.boot.SpringApplication               : Started application in 1.066 seconds (JVM running for 6.839)
2018-08-01 20:47:46.775  INFO 10876 --- [    Test worker] s.c.a.AnnotationConfigApplicationContext : Refreshing org.springframework.context.annotation.AnnotationConfigApplicationContext@14fe66f2: startup date [Wed Aug 01 20:47:46 CST 2018]; root of context hierarchy
2018-08-01 20:47:46.796  INFO 10876 --- [    Test worker] f.a.AutowiredAnnotationBeanPostProcessor : JSR-330 'javax.inject.Inject' annotation found and supported for autowiring
2018-08-01 20:47:46.813  INFO 10876 --- [    Test worker] trationDelegate$BeanPostProcessorChecker : Bean 'configurationPropertiesRebinderAutoConfiguration' of type [org.springframework.cloud.autoconfigure.ConfigurationPropertiesRebinderAutoConfiguration$$EnhancerBySpringCGLIB$$57ee2864] is not eligible for getting processed by all BeanPostProcessors (for example: not eligible for auto-proxying)

  .   ____          _            __ _ _
 /\\ / ___'_ __ _ _(_)_ __  __ _ \ \ \ \
( ( )\___ | '_ | '_| | '_ \/ _` | \ \ \ \
 \\/  ___)| |_)| | | | | || (_| |  ) ) ) )
  '  |____| .__|_| |_|_| |_\__, | / / / /
 =========|_|==============|___/=/_/_/_/
 :: Spring Boot ::        (v2.0.4.RELEASE)

2018-08-01 20:47:46.939  INFO 10876 --- [    Test worker] o.s.boot.SpringApplication               : No active profile set, falling back to default profiles: default
2018-08-01 20:47:46.941  INFO 10876 --- [    Test worker] ConfigServletWebServerApplicationContext : Refreshing org.springframework.boot.web.servlet.context.AnnotationConfigServletWebServerApplicationContext@76ef069: startup date [Wed Aug 01 20:47:46 CST 2018]; parent: org.springframework.context.annotation.AnnotationConfigApplicationContext@14fe66f2
2018-08-01 20:47:47.073  INFO 10876 --- [    Test worker] o.s.cloud.context.scope.GenericScope     : BeanFactory id=eca9de82-6ba5-37a5-bed7-423c2a26809a
2018-08-01 20:47:47.082  INFO 10876 --- [    Test worker] f.a.AutowiredAnnotationBeanPostProcessor : JSR-330 'javax.inject.Inject' annotation found and supported for autowiring
2018-08-01 20:47:47.105  INFO 10876 --- [    Test worker] trationDelegate$BeanPostProcessorChecker : Bean 'org.springframework.cloud.autoconfigure.ConfigurationPropertiesRebinderAutoConfiguration' of type [org.springframework.cloud.autoconfigure.ConfigurationPropertiesRebinderAutoConfiguration$$EnhancerBySpringCGLIB$$57ee2864] is not eligible for getting processed by all BeanPostProcessors (for example: not eligible for auto-proxying)
2018-08-01 20:47:47.195  INFO 10876 --- [    Test worker] o.s.b.w.embedded.tomcat.TomcatWebServer  : Tomcat initialized with port(s): 9999 (http)
2018-08-01 20:47:47.196  INFO 10876 --- [    Test worker] o.apache.catalina.core.StandardService   : Starting service [Tomcat]
2018-08-01 20:47:47.196  INFO 10876 --- [    Test worker] org.apache.catalina.core.StandardEngine  : Starting Servlet Engine: Apache Tomcat/8.5.32
2018-08-01 20:47:47.213  INFO 10876 --- [ost-startStop-1] o.a.c.c.C.[Tomcat-3].[localhost].[/]     : Initializing Spring embedded WebApplicationContext
2018-08-01 20:47:47.213  INFO 10876 --- [ost-startStop-1] o.s.web.context.ContextLoader            : Root WebApplicationContext: initialization completed in 272 ms
2018-08-01 20:47:47.274  INFO 10876 --- [ost-startStop-1] o.s.b.w.servlet.ServletRegistrationBean  : Servlet dispatcherServlet mapped to [/]
2018-08-01 20:47:47.276  INFO 10876 --- [ost-startStop-1] o.s.b.w.servlet.FilterRegistrationBean   : Mapping filter: 'characterEncodingFilter' to: [/*]
2018-08-01 20:47:47.276  INFO 10876 --- [ost-startStop-1] o.s.b.w.servlet.FilterRegistrationBean   : Mapping filter: 'hiddenHttpMethodFilter' to: [/*]
2018-08-01 20:47:47.276  INFO 10876 --- [ost-startStop-1] o.s.b.w.servlet.FilterRegistrationBean   : Mapping filter: 'httpPutFormContentFilter' to: [/*]
2018-08-01 20:47:47.276  INFO 10876 --- [ost-startStop-1] o.s.b.w.servlet.FilterRegistrationBean   : Mapping filter: 'requestContextFilter' to: [/*]
2018-08-01 20:47:47.302  WARN 10876 --- [    Test worker] o.s.c.n.a.ArchaiusAutoConfiguration      : Netflix ConfigurationManager has already been installed, unable to re-install
2018-08-01 20:47:47.340  INFO 10876 --- [    Test worker] o.s.w.s.handler.SimpleUrlHandlerMapping  : Mapped URL path [/**/favicon.ico] onto handler of type [class org.springframework.web.servlet.resource.ResourceHttpRequestHandler]
2018-08-01 20:47:47.416  INFO 10876 --- [    Test worker] s.w.s.m.m.a.RequestMappingHandlerAdapter : Looking for @ControllerAdvice: org.springframework.boot.web.servlet.context.AnnotationConfigServletWebServerApplicationContext@76ef069: startup date [Wed Aug 01 20:47:46 CST 2018]; parent: org.springframework.context.annotation.AnnotationConfigApplicationContext@14fe66f2
2018-08-01 20:47:47.427  INFO 10876 --- [    Test worker] s.w.s.m.m.a.RequestMappingHandlerMapping : Mapped "{[/]}" onto public java.lang.String com.example.ribboncloud.UserApplicationTests$TestApplication.health()
2018-08-01 20:47:47.428  INFO 10876 --- [    Test worker] s.w.s.m.m.a.RequestMappingHandlerMapping : Mapped "{[/greeting]}" onto public java.lang.Integer com.example.ribboncloud.UserApplicationTests$TestApplication.greet()
2018-08-01 20:47:47.429  INFO 10876 --- [    Test worker] s.w.s.m.m.a.RequestMappingHandlerMapping : Mapped "{[/error]}" onto public org.springframework.http.ResponseEntity<java.util.Map<java.lang.String, java.lang.Object>> org.springframework.boot.autoconfigure.web.servlet.error.BasicErrorController.error(javax.servlet.http.HttpServletRequest)
2018-08-01 20:47:47.429  INFO 10876 --- [    Test worker] s.w.s.m.m.a.RequestMappingHandlerMapping : Mapped "{[/error],produces=[text/html]}" onto public org.springframework.web.servlet.ModelAndView org.springframework.boot.autoconfigure.web.servlet.error.BasicErrorController.errorHtml(javax.servlet.http.HttpServletRequest,javax.servlet.http.HttpServletResponse)
2018-08-01 20:47:47.444  INFO 10876 --- [    Test worker] o.s.w.s.handler.SimpleUrlHandlerMapping  : Mapped URL path [/webjars/**] onto handler of type [class org.springframework.web.servlet.resource.ResourceHttpRequestHandler]
2018-08-01 20:47:47.444  INFO 10876 --- [    Test worker] o.s.w.s.handler.SimpleUrlHandlerMapping  : Mapped URL path [/**] onto handler of type [class org.springframework.web.servlet.resource.ResourceHttpRequestHandler]
2018-08-01 20:47:47.694  INFO 10876 --- [    Test worker] o.s.b.w.embedded.tomcat.TomcatWebServer  : Tomcat started on port(s): 9999 (http) with context path ''
2018-08-01 20:47:47.695  INFO 10876 --- [    Test worker] o.s.boot.SpringApplication               : Started application in 1.05 seconds (JVM running for 7.892)
2018-08-01 20:47:47.815  INFO 10876 --- [o-auto-1-exec-1] o.a.c.c.C.[Tomcat].[localhost].[/]       : Initializing Spring FrameworkServlet 'dispatcherServlet'
2018-08-01 20:47:47.816  INFO 10876 --- [o-auto-1-exec-1] o.s.web.servlet.DispatcherServlet        : FrameworkServlet 'dispatcherServlet': initialization started
2018-08-01 20:47:47.831  INFO 10876 --- [o-auto-1-exec-1] o.s.web.servlet.DispatcherServlet        : FrameworkServlet 'dispatcherServlet': initialization completed in 15 ms
2018-08-01 20:47:47.864  INFO 10876 --- [o-auto-1-exec-1] s.c.a.AnnotationConfigApplicationContext : Refreshing SpringClientFactory-say-hello: startup date [Wed Aug 01 20:47:47 CST 2018]; parent: org.springframework.boot.web.servlet.context.AnnotationConfigServletWebServerApplicationContext@3ab7f931
2018-08-01 20:47:47.914  INFO 10876 --- [o-auto-1-exec-1] f.a.AutowiredAnnotationBeanPostProcessor : JSR-330 'javax.inject.Inject' annotation found and supported for autowiring
2018-08-01 20:47:48.091  INFO 10876 --- [o-auto-1-exec-1] c.n.u.concurrent.ShutdownEnabledTimer    : Shutdown hook installed for: NFLoadBalancer-PingTimer-say-hello
2018-08-01 20:47:48.111  INFO 10876 --- [o-auto-1-exec-1] c.netflix.loadbalancer.BaseLoadBalancer  : Client: say-hello instantiated a LoadBalancer: DynamicServerListLoadBalancer:{NFLoadBalancer:name=say-hello,current list of Servers=[],Load balancer stats=Zone stats: {},Server stats: []}ServerList:null
2018-08-01 20:47:48.118  INFO 10876 --- [o-auto-1-exec-1] c.n.l.DynamicServerListLoadBalancer      : Using serverListUpdater PollingServerListUpdater
2018-08-01 20:47:48.137  INFO 10876 --- [o-auto-1-exec-1] c.netflix.config.ChainedDynamicProperty  : Flipping property: say-hello.ribbon.ActiveConnectionsLimit to use NEXT property: niws.loadbalancer.availabilityFilteringRule.activeConnectionsLimit = 2147483647
2018-08-01 20:47:48.179  INFO 10876 --- [nio-8090-exec-1] o.a.c.c.C.[Tomcat-1].[localhost].[/]     : Initializing Spring FrameworkServlet 'dispatcherServlet'
2018-08-01 20:47:48.180  INFO 10876 --- [nio-8090-exec-1] o.s.web.servlet.DispatcherServlet        : FrameworkServlet 'dispatcherServlet': initialization started
2018-08-01 20:47:48.185  INFO 10876 --- [nio-8090-exec-1] o.s.web.servlet.DispatcherServlet        : FrameworkServlet 'dispatcherServlet': initialization completed in 5 ms
2018-08-01 20:47:48.219  INFO 10876 --- [nio-9092-exec-1] o.a.c.c.C.[Tomcat-2].[localhost].[/]     : Initializing Spring FrameworkServlet 'dispatcherServlet'
2018-08-01 20:47:48.219  INFO 10876 --- [nio-9092-exec-1] o.s.web.servlet.DispatcherServlet        : FrameworkServlet 'dispatcherServlet': initialization started
2018-08-01 20:47:48.221  INFO 10876 --- [nio-9092-exec-1] o.s.web.servlet.DispatcherServlet        : FrameworkServlet 'dispatcherServlet': initialization completed in 2 ms
2018-08-01 20:47:48.227  INFO 10876 --- [nio-9999-exec-1] o.a.c.c.C.[Tomcat-3].[localhost].[/]     : Initializing Spring FrameworkServlet 'dispatcherServlet'
2018-08-01 20:47:48.227  INFO 10876 --- [nio-9999-exec-1] o.s.web.servlet.DispatcherServlet        : FrameworkServlet 'dispatcherServlet': initialization started
2018-08-01 20:47:48.229  INFO 10876 --- [nio-9999-exec-1] o.s.web.servlet.DispatcherServlet        : FrameworkServlet 'dispatcherServlet': initialization completed in 2 ms
2018-08-01 20:47:48.232  INFO 10876 --- [o-auto-1-exec-1] c.n.l.DynamicServerListLoadBalancer      : DynamicServerListLoadBalancer for client say-hello initialized: DynamicServerListLoadBalancer:{NFLoadBalancer:name=say-hello,current list of Servers=[localhost:8090, localhost:9092, localhost:9999],Load balancer stats=Zone stats: {unknown=[Zone:unknown;	Instance count:3;	Active connections count: 0;	Circuit breaker tripped count: 0;	Active connections per server: 0.0;]
},Server stats: [[Server:localhost:8090;	Zone:UNKNOWN;	Total Requests:0;	Successive connection failure:0;	Total blackout seconds:0;	Last connection made:Thu Jan 01 08:00:00 CST 1970;	First connection made: Thu Jan 01 08:00:00 CST 1970;	Active Connections:0;	total failure count in last (1000) msecs:0;	average resp time:0.0;	90 percentile resp time:0.0;	95 percentile resp time:0.0;	min resp time:0.0;	max resp time:0.0;	stddev resp time:0.0]
, [Server:localhost:9092;	Zone:UNKNOWN;	Total Requests:0;	Successive connection failure:0;	Total blackout seconds:0;	Last connection made:Thu Jan 01 08:00:00 CST 1970;	First connection made: Thu Jan 01 08:00:00 CST 1970;	Active Connections:0;	total failure count in last (1000) msecs:0;	average resp time:0.0;	90 percentile resp time:0.0;	95 percentile resp time:0.0;	min resp time:0.0;	max resp time:0.0;	stddev resp time:0.0]
, [Server:localhost:9999;	Zone:UNKNOWN;	Total Requests:0;	Successive connection failure:0;	Total blackout seconds:0;	Last connection made:Thu Jan 01 08:00:00 CST 1970;	First connection made: Thu Jan 01 08:00:00 CST 1970;	Active Connections:0;	total failure count in last (1000) msecs:0;	average resp time:0.0;	90 percentile resp time:0.0;	95 percentile resp time:0.0;	min resp time:0.0;	max resp time:0.0;	stddev resp time:0.0]
]}ServerList:com.netflix.loadbalancer.ConfigurationBasedServerList@56b3190f
2018-08-01 20:47:48.395  INFO 10876 --- [    Test worker] ConfigServletWebServerApplicationContext : Closing org.springframework.boot.web.servlet.context.AnnotationConfigServletWebServerApplicationContext@5af45cad: startup date [Wed Aug 01 20:47:44 CST 2018]; parent: org.springframework.context.annotation.AnnotationConfigApplicationContext@6935591c
2018-08-01 20:47:48.518  INFO 10876 --- [    Test worker] o.apache.catalina.core.StandardService   : Stopping service [Tomcat]
2018-08-01 20:47:48.520  INFO 10876 --- [ost-startStop-1] o.a.c.c.C.[Tomcat-1].[localhost].[/]     : Destroying Spring FrameworkServlet 'dispatcherServlet'
2018-08-01 20:47:48.535  INFO 10876 --- [    Test worker] ConfigServletWebServerApplicationContext : Closing org.springframework.boot.web.servlet.context.AnnotationConfigServletWebServerApplicationContext@d92d1bb: startup date [Wed Aug 01 20:47:45 CST 2018]; parent: org.springframework.context.annotation.AnnotationConfigApplicationContext@7e13dcef
2018-08-01 20:47:48.649  INFO 10876 --- [    Test worker] o.apache.catalina.core.StandardService   : Stopping service [Tomcat]
2018-08-01 20:47:48.651  INFO 10876 --- [ost-startStop-1] o.a.c.c.C.[Tomcat-2].[localhost].[/]     : Destroying Spring FrameworkServlet 'dispatcherServlet'
2018-08-01 20:47:48.658  INFO 10876 --- [    Test worker] ConfigServletWebServerApplicationContext : Closing org.springframework.boot.web.servlet.context.AnnotationConfigServletWebServerApplicationContext@76ef069: startup date [Wed Aug 01 20:47:46 CST 2018]; parent: org.springframework.context.annotation.AnnotationConfigApplicationContext@14fe66f2
2018-08-01 20:47:48.767  INFO 10876 --- [    Test worker] o.apache.catalina.core.StandardService   : Stopping service [Tomcat]
2018-08-01 20:47:48.768  INFO 10876 --- [ost-startStop-1] o.a.c.c.C.[Tomcat-3].[localhost].[/]     : Destroying Spring FrameworkServlet 'dispatcherServlet'
]]></system-out>
  <system-err><![CDATA[]]></system-err>
</testsuite>
