<?xml version="1.0" encoding="UTF-8"?>
<testsuite name="org.springframework.cloud.contract.verifier.tests.HelloTest" tests="1" skipped="0" failures="0" errors="0" timestamp="2018-08-03T14:20:01" hostname="DESKTOP-QBRR765" time="0.522">
  <properties/>
  <testcase name="validate_find_person_by_id" classname="org.springframework.cloud.contract.verifier.tests.HelloTest" time="0.522"/>
  <system-out><![CDATA[22:19:59.437 [Test worker] DEBUG org.springframework.test.context.junit4.SpringJUnit4ClassRunner - SpringJUnit4ClassRunner constructor called with [class org.springframework.cloud.contract.verifier.tests.HelloTest]
22:19:59.446 [Test worker] DEBUG org.springframework.test.context.BootstrapUtils - Instantiating CacheAwareContextLoaderDelegate from class [org.springframework.test.context.cache.DefaultCacheAwareContextLoaderDelegate]
22:19:59.453 [Test worker] DEBUG org.springframework.test.context.BootstrapUtils - Instantiating BootstrapContext using constructor [public org.springframework.test.context.support.DefaultBootstrapContext(java.lang.Class,org.springframework.test.context.CacheAwareContextLoaderDelegate)]
22:19:59.469 [Test worker] DEBUG org.springframework.test.context.BootstrapUtils - Instantiating TestContextBootstrapper for test class [org.springframework.cloud.contract.verifier.tests.HelloTest] from class [org.springframework.boot.test.context.SpringBootTestContextBootstrapper]
22:19:59.480 [Test worker] INFO org.springframework.boot.test.context.SpringBootTestContextBootstrapper - Neither @ContextConfiguration nor @ContextHierarchy found for test class [org.springframework.cloud.contract.verifier.tests.HelloTest], using SpringBootContextLoader
22:19:59.483 [Test worker] DEBUG org.springframework.test.context.support.AbstractContextLoader - Did not detect default resource location for test class [org.springframework.cloud.contract.verifier.tests.HelloTest]: class path resource [org/springframework/cloud/contract/verifier/tests/HelloTest-context.xml] does not exist
22:19:59.483 [Test worker] DEBUG org.springframework.test.context.support.AbstractContextLoader - Did not detect default resource location for test class [org.springframework.cloud.contract.verifier.tests.HelloTest]: class path resource [org/springframework/cloud/contract/verifier/tests/HelloTestContext.groovy] does not exist
22:19:59.484 [Test worker] INFO org.springframework.test.context.support.AbstractContextLoader - Could not detect default resource locations for test class [org.springframework.cloud.contract.verifier.tests.HelloTest]: no resource found for suffixes {-context.xml, Context.groovy}.
22:19:59.521 [Test worker] DEBUG org.springframework.test.context.support.ActiveProfilesUtils - Could not find an 'annotation declaring class' for annotation type [org.springframework.test.context.ActiveProfiles] and class [org.springframework.cloud.contract.verifier.tests.HelloTest]
22:19:59.636 [Test worker] DEBUG org.springframework.boot.test.context.SpringBootTestContextBootstrapper - @TestExecutionListeners is not present for class [org.springframework.cloud.contract.verifier.tests.HelloTest]: using defaults.
22:19:59.637 [Test worker] INFO org.springframework.boot.test.context.SpringBootTestContextBootstrapper - Loaded default TestExecutionListener class names from location [META-INF/spring.factories]: [org.springframework.boot.test.autoconfigure.restdocs.RestDocsTestExecutionListener, org.springframework.boot.test.autoconfigure.web.client.MockRestServiceServerResetTestExecutionListener, org.springframework.boot.test.autoconfigure.web.servlet.MockMvcPrintOnlyOnFailureTestExecutionListener, org.springframework.boot.test.autoconfigure.web.servlet.WebDriverTestExecutionListener, org.springframework.boot.test.mock.mockito.MockitoTestExecutionListener, org.springframework.boot.test.mock.mockito.ResetMocksTestExecutionListener, org.springframework.test.context.web.ServletTestExecutionListener, org.springframework.test.context.support.DirtiesContextBeforeModesTestExecutionListener, org.springframework.test.context.support.DependencyInjectionTestExecutionListener, org.springframework.test.context.support.DirtiesContextTestExecutionListener, org.springframework.test.context.transaction.TransactionalTestExecutionListener, org.springframework.test.context.jdbc.SqlScriptsTestExecutionListener]
22:19:59.644 [Test worker] DEBUG org.springframework.boot.test.context.SpringBootTestContextBootstrapper - Skipping candidate TestExecutionListener [org.springframework.test.context.transaction.TransactionalTestExecutionListener] due to a missing dependency. Specify custom listener classes or make the default listener classes and their required dependencies available. Offending class: [org/springframework/transaction/interceptor/TransactionAttributeSource]
22:19:59.645 [Test worker] DEBUG org.springframework.boot.test.context.SpringBootTestContextBootstrapper - Skipping candidate TestExecutionListener [org.springframework.test.context.jdbc.SqlScriptsTestExecutionListener] due to a missing dependency. Specify custom listener classes or make the default listener classes and their required dependencies available. Offending class: [org/springframework/transaction/interceptor/TransactionAttribute]
22:19:59.645 [Test worker] INFO org.springframework.boot.test.context.SpringBootTestContextBootstrapper - Using TestExecutionListeners: [org.springframework.test.context.web.ServletTestExecutionListener@15c06fb7, org.springframework.test.context.support.DirtiesContextBeforeModesTestExecutionListener@5a96777e, org.springframework.boot.test.mock.mockito.MockitoTestExecutionListener@4431a033, org.springframework.boot.test.autoconfigure.SpringBootDependencyInjectionTestExecutionListener@70884f60, org.springframework.test.context.support.DirtiesContextTestExecutionListener@66233b11, org.springframework.boot.test.autoconfigure.restdocs.RestDocsTestExecutionListener@fe78d2c, org.springframework.boot.test.autoconfigure.web.client.MockRestServiceServerResetTestExecutionListener@461e84db, org.springframework.boot.test.autoconfigure.web.servlet.MockMvcPrintOnlyOnFailureTestExecutionListener@745f2037, org.springframework.boot.test.autoconfigure.web.servlet.WebDriverTestExecutionListener@b5b661e, org.springframework.boot.test.mock.mockito.ResetMocksTestExecutionListener@38e614b4]
22:19:59.647 [Test worker] DEBUG org.springframework.test.annotation.ProfileValueUtils - Retrieved @ProfileValueSourceConfiguration [null] for test class [org.springframework.cloud.contract.verifier.tests.HelloTest]
22:19:59.648 [Test worker] DEBUG org.springframework.test.annotation.ProfileValueUtils - Retrieved ProfileValueSource type [class org.springframework.test.annotation.SystemProfileValueSource] for class [org.springframework.cloud.contract.verifier.tests.HelloTest]
22:19:59.648 [Test worker] DEBUG org.springframework.test.annotation.ProfileValueUtils - Retrieved @ProfileValueSourceConfiguration [null] for test class [org.springframework.cloud.contract.verifier.tests.HelloTest]
22:19:59.648 [Test worker] DEBUG org.springframework.test.annotation.ProfileValueUtils - Retrieved ProfileValueSource type [class org.springframework.test.annotation.SystemProfileValueSource] for class [org.springframework.cloud.contract.verifier.tests.HelloTest]
22:19:59.651 [Test worker] DEBUG org.springframework.test.context.support.AbstractDirtiesContextTestExecutionListener - Before test class: context [DefaultTestContext@3b70a5b2 testClass = HelloTest, testInstance = [null], testMethod = [null], testException = [null], mergedContextConfiguration = [WebMergedContextConfiguration@5ea38e31 testClass = HelloTest, locations = '{}', classes = '{class hello.ContractRestServiceApplication, class hello.ContractRestServiceApplication}', contextInitializerClasses = '[]', activeProfiles = '{}', propertySourceLocations = '{}', propertySourceProperties = '{org.springframework.boot.test.context.SpringBootTestContextBootstrapper=true}', contextCustomizers = set[org.springframework.boot.test.autoconfigure.properties.PropertyMappingContextCustomizer@0, org.springframework.boot.test.autoconfigure.web.servlet.WebDriverContextCustomizerFactory$Customizer@6855d18f, org.springframework.boot.test.context.filter.ExcludeFilterContextCustomizer@78768505, org.springframework.boot.test.json.DuplicateJsonObjectContextCustomizerFactory$DuplicateJsonObjectContextCustomizer@210d96, org.springframework.boot.test.mock.mockito.MockitoContextCustomizer@4913973b, org.springframework.boot.test.web.client.TestRestTemplateContextCustomizer@836b4fc], resourceBasePath = 'src/main/webapp', contextLoader = 'org.springframework.boot.test.context.SpringBootContextLoader', parent = [null]], attributes = map['org.springframework.test.context.web.ServletTestExecutionListener.activateListener' -> true]], class annotated with @DirtiesContext [false] with mode [null].
22:19:59.652 [Test worker] DEBUG org.springframework.test.annotation.ProfileValueUtils - Retrieved @ProfileValueSourceConfiguration [null] for test class [org.springframework.cloud.contract.verifier.tests.HelloTest]
22:19:59.652 [Test worker] DEBUG org.springframework.test.annotation.ProfileValueUtils - Retrieved ProfileValueSource type [class org.springframework.test.annotation.SystemProfileValueSource] for class [org.springframework.cloud.contract.verifier.tests.HelloTest]
22:19:59.669 [Test worker] DEBUG org.springframework.core.env.StandardEnvironment - Adding PropertySource 'systemProperties' with lowest search precedence
22:19:59.669 [Test worker] DEBUG org.springframework.core.env.StandardEnvironment - Adding PropertySource 'systemEnvironment' with lowest search precedence
22:19:59.670 [Test worker] DEBUG org.springframework.core.env.StandardEnvironment - Initialized StandardEnvironment with PropertySources [MapPropertySource@1246210933 {name='systemProperties', properties={java.runtime.name=Java(TM) SE Runtime Environment, sun.boot.library.path=D:\Program Files\Java\jdk1.8.0_172\jre\bin, java.vm.version=25.172-b11, java.vm.vendor=Oracle Corporation, java.vendor.url=http://java.oracle.com/, path.separator=;, java.vm.name=Java HotSpot(TM) 64-Bit Server VM, file.encoding.pkg=sun.io, user.script=, sun.java.launcher=SUN_STANDARD, user.country=CN, sun.os.patch.level=, java.vm.specification.name=Java Virtual Machine Specification, user.dir=E:\git\Spring-Guides\reactive-rest\service, java.runtime.version=1.8.0_172-b11, java.awt.graphicsenv=sun.awt.Win32GraphicsEnvironment, java.endorsed.dirs=D:\Program Files\Java\jdk1.8.0_172\jre\lib\endorsed, os.arch=amd64, java.io.tmpdir=C:\Users\Gilbert\AppData\Local\Temp\, line.separator=
, java.vm.specification.vendor=Oracle Corporation, user.variant=, os.name=Windows 10, sun.jnu.encoding=GBK, java.library.path=D:\Program Files\Java\jdk1.8.0_172\bin;C:\WINDOWS\Sun\Java\bin;C:\WINDOWS\system32;C:\WINDOWS;D:\Program Files\apache-maven\apache-maven-3.5.4\bin;D:\Program Files\Java\jdk1.8.0_172\bin;D:\Program Files\Java\jre1.8.0_172\bin;D:\Program Files\gradle\gradle-4.8.1\bin;%CMAKE_HOME%\bin;C:\WINDOWS\system32;C:\WINDOWS;C:\WINDOWS\System32\Wbem;C:\WINDOWS\System32\WindowsPowerShell\v1.0\;D:\Program Files (x86)\CMake\bin;C:\WINDOWS\System32\OpenSSH\;C:\ProgramData\Oracle\Java\javapath;D:\Program Files\Git\cmd;C:\Program Files (x86)\Windows Kits\8.1\Windows Performance Toolkit\;D:\Program Files (x86)\MySQL\MySQL Utilities 1.6\;C:\Users\Gilbert\AppData\Local\Microsoft\WindowsApps;;., java.specification.name=Java Platform API Specification, java.class.version=52.0, org.gradle.native=false, sun.management.compiler=HotSpot 64-Bit Tiered Compilers, os.version=10.0, user.home=C:\Users\Gilbert, user.timezone=Asia/Shanghai, java.awt.printerjob=sun.awt.windows.WPrinterJob, file.encoding=GBK, java.specification.version=1.8, java.class.path=E:\git\Spring-Guides\reactive-rest\service\build\classes\java\test;E:\git\Spring-Guides\reactive-rest\service\build\classes\groovy\test;E:\git\Spring-Guides\reactive-rest\service\build\resources\test;E:\git\Spring-Guides\reactive-rest\service\build\classes\java\main;E:\git\Spring-Guides\reactive-rest\service\build\classes\groovy\main;E:\git\Spring-Guides\reactive-rest\service\build\resources\main;C:\Users\Gilbert\.gradle\caches\modules-2\files-2.1\org.springframework.boot\spring-boot-starter-web\2.0.4.RELEASE\98d49e981ecf804da877d84259b7b0d1ec2fb6f6\spring-boot-starter-web-2.0.4.RELEASE.jar;C:\Users\Gilbert\.gradle\caches\modules-2\files-2.1\org.springframework.cloud\spring-cloud-starter-contract-verifier\2.0.0.RELEASE\6295e5edaeef28660b6d4dce2204a5293843bd87\spring-cloud-starter-contract-verifier-2.0.0.RELEASE.jar;C:\Users\Gilbert\.gradle\caches\modules-2\files-2.1\org.springframework.cloud\spring-cloud-contract-verifier\2.0.0.RELEASE\3f0de465e835b1f864f80e7abfbc0219f8044e3b\spring-cloud-contract-verifier-2.0.0.RELEASE.jar;C:\Users\Gilbert\.gradle\caches\modules-2\files-2.1\org.springframework.boot\spring-boot-starter-test\2.0.4.RELEASE\8f473705d2742b669f0318f10a956f94a93ba3d2\spring-boot-starter-test-2.0.4.RELEASE.jar;C:\Users\Gilbert\.gradle\caches\modules-2\files-2.1\org.springframework.boot\spring-boot-starter-json\2.0.4.RELEASE\c7afabf0d7c85db178da4ce0634e3bd2ddb0eb71\spring-boot-starter-json-2.0.4.RELEASE.jar;C:\Users\Gilbert\.gradle\caches\modules-2\files-2.1\org.springframework.boot\spring-boot-starter\2.0.4.RELEASE\ec46c63a2adeee40058eff1a6baefca13975dc94\spring-boot-starter-2.0.4.RELEASE.jar;C:\Users\Gilbert\.gradle\caches\modules-2\files-2.1\org.springframework.boot\spring-boot-starter-tomcat\2.0.4.RELEASE\dcf28989a34b0801fea0e810c371fb9dab1e7784\spring-boot-starter-tomcat-2.0.4.RELEASE.jar;C:\Users\Gilbert\.gradle\caches\modules-2\files-2.1\org.hibernate.validator\hibernate-validator\6.0.11.Final\36f9d10a11e4768f55e8fb91ebe4338a5c43954e\hibernate-validator-6.0.11.Final.jar;C:\Users\Gilbert\.gradle\caches\modules-2\files-2.1\org.springframework\spring-webmvc\5.0.8.RELEASE\7e5fe57590ca8e4468e50fe1d92b0b67aa4a327a\spring-webmvc-5.0.8.RELEASE.jar;C:\Users\Gilbert\.gradle\caches\modules-2\files-2.1\org.springframework\spring-web\5.0.8.RELEASE\fa43cdadb4ab2491fd1d0ddb06c0808e4b60fc85\spring-web-5.0.8.RELEASE.jar;C:\Users\Gilbert\.gradle\caches\modules-2\files-2.1\org.springframework.boot\spring-boot-test-autoconfigure\2.0.4.RELEASE\8a2e3f31e607fdb08deda2f59263ce177f1c4310\spring-boot-test-autoconfigure-2.0.4.RELEASE.jar;C:\Users\Gilbert\.gradle\caches\modules-2\files-2.1\org.springframework.boot\spring-boot-test\2.0.4.RELEASE\8a17fc3cf16b6d75f2ba132ade04409a670095de\spring-boot-test-2.0.4.RELEASE.jar;C:\Users\Gilbert\.gradle\caches\modules-2\files-2.1\com.toomuchcoding.jsonassert\jsonassert\0.4.12\4a4876eb618ad4512fafb390011bdcdc06bd860f\jsonassert-0.4.12.jar;C:\Users\Gilbert\.gradle\caches\modules-2\files-2.1\com.jayway.jsonpath\json-path\2.4.0\765a4401ceb2dc8d40553c2075eb80a8fa35c2ae\json-path-2.4.0.jar;C:\Users\Gilbert\.gradle\caches\modules-2\files-2.1\junit\junit\4.12\2973d150c0dc1fefe998f834810d68f278ea58ec\junit-4.12.jar;C:\Users\Gilbert\.gradle\caches\modules-2\files-2.1\org.assertj\assertj-core\3.9.1\c5ce126b15f28d56cd8f960c1a6a058b9c9aea87\assertj-core-3.9.1.jar;C:\Users\Gilbert\.gradle\caches\modules-2\files-2.1\org.mockito\mockito-core\2.15.0\b84bfbbc29cd22c9529409627af6ea2897f4fa85\mockito-core-2.15.0.jar;C:\Users\Gilbert\.gradle\caches\modules-2\files-2.1\io.rest-assured\spring-mock-mvc\3.0.7\3105e2435a45e6004a90551faad97e74f48bcf1c\spring-mock-mvc-3.0.7.jar;C:\Users\Gilbert\.gradle\caches\modules-2\files-2.1\io.rest-assured\rest-assured\3.0.7\79143d9bd15f4f0bb9753c2661c9f510690fe495\rest-assured-3.0.7.jar;C:\Users\Gilbert\.gradle\caches\modules-2\files-2.1\org.hamcrest\hamcrest-library\1.3\4785a3c21320980282f9f33d0d1264a69040538f\hamcrest-library-1.3.jar;C:\Users\Gilbert\.gradle\caches\modules-2\files-2.1\org.hamcrest\hamcrest-core\1.3\42a25dc3219429f0e5d060061f71acb49bf010a0\hamcrest-core-1.3.jar;C:\Users\Gilbert\.gradle\caches\modules-2\files-2.1\org.skyscreamer\jsonassert\1.5.0\6c9d5fe2f59da598d9aefc1cfc6528ff3cf32df3\jsonassert-1.5.0.jar;C:\Users\Gilbert\.gradle\caches\modules-2\files-2.1\org.springframework\spring-test\5.0.8.RELEASE\5782619373bd7e7b7d9106203c317b04bb613ebb\spring-test-5.0.8.RELEASE.jar;C:\Users\Gilbert\.gradle\caches\modules-2\files-2.1\org.springframework.boot\spring-boot-autoconfigure\2.0.4.RELEASE\65cd1244d606acc02ab7bfc47a203a3fe2400dda\spring-boot-autoconfigure-2.0.4.RELEASE.jar;C:\Users\Gilbert\.gradle\caches\modules-2\files-2.1\org.springframework.boot\spring-boot\2.0.4.RELEASE\c8619c5b06d4dcdb4cac1e5e9c839e6e8b1c8574\spring-boot-2.0.4.RELEASE.jar;C:\Users\Gilbert\.gradle\caches\modules-2\files-2.1\org.springframework\spring-context\5.0.8.RELEASE\3a067d8990761111c9b6d1d895640be26cc1fb38\spring-context-5.0.8.RELEASE.jar;C:\Users\Gilbert\.gradle\caches\modules-2\files-2.1\org.springframework\spring-expression\5.0.8.RELEASE\f23158f22c917df2cddf2ecebc398a9e95f95fae\spring-expression-5.0.8.RELEASE.jar;C:\Users\Gilbert\.gradle\caches\modules-2\files-2.1\org.springframework\spring-aop\5.0.8.RELEASE\f5086c1a3185c481104511837427b39a07a57aa2\spring-aop-5.0.8.RELEASE.jar;C:\Users\Gilbert\.gradle\caches\modules-2\files-2.1\org.springframework\spring-beans\5.0.8.RELEASE\5fc965d3e7f5515099244857a8ae9e2a208c169b\spring-beans-5.0.8.RELEASE.jar;C:\Users\Gilbert\.gradle\caches\modules-2\files-2.1\org.springframework\spring-core\5.0.8.RELEASE\dc39c49e3246cdf73d3786ac41119140aed3fa08\spring-core-5.0.8.RELEASE.jar;C:\Users\Gilbert\.gradle\caches\modules-2\files-2.1\org.xmlunit\xmlunit-core\2.5.1\4ffdb346572a7356f7521cd3119ce5287d2e339d\xmlunit-core-2.5.1.jar;C:\Users\Gilbert\.gradle\caches\modules-2\files-2.1\cglib\cglib\3.2.4\847edb246462b96177b6c18b85e5885f0a2a51f5\cglib-3.2.4.jar;C:\Users\Gilbert\.gradle\caches\modules-2\files-2.1\org.springframework.boot\spring-boot-starter-logging\2.0.4.RELEASE\dcd1a2c431c970f44adae64d9145133979a513ab\spring-boot-starter-logging-2.0.4.RELEASE.jar;C:\Users\Gilbert\.gradle\caches\modules-2\files-2.1\javax.annotation\javax.annotation-api\1.3.2\934c04d3cfef185a8008e7bf34331b79730a9d43\javax.annotation-api-1.3.2.jar;C:\Users\Gilbert\.gradle\caches\modules-2\files-2.1\org.yaml\snakeyaml\1.19\2d998d3d674b172a588e54ab619854d073f555b5\snakeyaml-1.19.jar;C:\Users\Gilbert\.gradle\caches\modules-2\files-2.1\com.fasterxml.jackson.datatype\jackson-datatype-jdk8\2.9.6\456895fc91bf7180b216fead220373e6278230c9\jackson-datatype-jdk8-2.9.6.jar;C:\Users\Gilbert\.gradle\caches\modules-2\files-2.1\com.fasterxml.jackson.datatype\jackson-datatype-jsr310\2.9.6\ea54f6193d224e5e5732bbd4262327eb465397c2\jackson-datatype-jsr310-2.9.6.jar;C:\Users\Gilbert\.gradle\caches\modules-2\files-2.1\com.fasterxml.jackson.module\jackson-module-parameter-names\2.9.6\129acd77a4b6ee30d62d3a0899b1344c8ec2bff8\jackson-module-parameter-names-2.9.6.jar;C:\Users\Gilbert\.gradle\caches\modules-2\files-2.1\com.fasterxml.jackson.core\jackson-databind\2.9.6\cfa4f316351a91bfd95cb0644c6a2c95f52db1fc\jackson-databind-2.9.6.jar;C:\Users\Gilbert\.gradle\caches\modules-2\files-2.1\org.apache.tomcat.embed\tomcat-embed-websocket\8.5.32\ea5302e378f1449d4e5dda79e8d810c1e7931f91\tomcat-embed-websocket-8.5.32.jar;C:\Users\Gilbert\.gradle\caches\modules-2\files-2.1\org.apache.tomcat.embed\tomcat-embed-core\8.5.32\6bc6896200146010cc4666bdc6b9b0cbb453ee22\tomcat-embed-core-8.5.32.jar;C:\Users\Gilbert\.gradle\caches\modules-2\files-2.1\org.apache.tomcat.embed\tomcat-embed-el\8.5.32\e4fd0ee015d83fa1c5ec93ff1d05bdaf9a4480c5\tomcat-embed-el-8.5.32.jar;C:\Users\Gilbert\.gradle\caches\modules-2\files-2.1\javax.validation\validation-api\2.0.1.Final\cb855558e6271b1b32e716d24cb85c7f583ce09e\validation-api-2.0.1.Final.jar;C:\Users\Gilbert\.gradle\caches\modules-2\files-2.1\org.jboss.logging\jboss-logging\3.3.2.Final\3789d00e859632e6c6206adc0c71625559e6e3b0\jboss-logging-3.3.2.Final.jar;C:\Users\Gilbert\.gradle\caches\modules-2\files-2.1\com.fasterxml\classmate\1.3.4\3d5f48f10bbe4eb7bd862f10c0583be2e0053c6\classmate-1.3.4.jar;C:\Users\Gilbert\.gradle\caches\modules-2\files-2.1\net.minidev\json-smart\2.3\7396407491352ce4fa30de92efb158adb76b5b\json-smart-2.3.jar;C:\Users\Gilbert\.gradle\caches\modules-2\files-2.1\org.springframework.cloud\spring-cloud-contract-spec\2.0.0.RELEASE\dd5717e9727167fea1109cc11135409e53186b35\spring-cloud-contract-spec-2.0.0.RELEASE.jar;C:\Users\Gilbert\.gradle\caches\modules-2\files-2.1\com.github.jknack\handlebars\4.0.6\ccf00179b6648523e5c64b9b5fb783d89e42401b\handlebars-4.0.6.jar;C:\Users\Gilbert\.gradle\caches\modules-2\files-2.1\ch.qos.logback\logback-classic\1.2.3\7c4f3c474fb2c041d8028740440937705ebb473a\logback-classic-1.2.3.jar;C:\Users\Gilbert\.gradle\caches\modules-2\files-2.1\org.apache.logging.log4j\log4j-to-slf4j\2.10.0\f7e631ccf49cfc0aefa4a2a728da7d374c05bd3c\log4j-to-slf4j-2.10.0.jar;C:\Users\Gilbert\.gradle\caches\modules-2\files-2.1\org.slf4j\jul-to-slf4j\1.7.25\af5364cd6679bfffb114f0dec8a157aaa283b76\jul-to-slf4j-1.7.25.jar;C:\Users\Gilbert\.gradle\caches\modules-2\files-2.1\org.slf4j\slf4j-api\1.7.25\da76ca59f6a57ee3102f8f9bd9cee742973efa8a\slf4j-api-1.7.25.jar;C:\Users\Gilbert\.gradle\caches\modules-2\files-2.1\net.bytebuddy\byte-buddy\1.7.11\f02857a4e2c66ccbe7aaad6100a0a6c461bce9b3\byte-buddy-1.7.11.jar;C:\Users\Gilbert\.gradle\caches\modules-2\files-2.1\net.bytebuddy\byte-buddy-agent\1.7.11\b425a8933ca07edd03c6dbc8bc3b595fba9780de\byte-buddy-agent-1.7.11.jar;C:\Users\Gilbert\.gradle\caches\modules-2\files-2.1\org.objenesis\objenesis\2.6\639033469776fd37c08358c6b92a4761feb2af4b\objenesis-2.6.jar;C:\Users\Gilbert\.gradle\caches\modules-2\files-2.1\com.vaadin.external.google\android-json\0.0.20131108.vaadin1\fa26d351fe62a6a17f5cda1287c1c6110dec413f\android-json-0.0.20131108.vaadin1.jar;C:\Users\Gilbert\.gradle\caches\modules-2\files-2.1\org.springframework\spring-jcl\5.0.8.RELEASE\a1fa8fb560fb252321776e16bc9ac8201af4ef5e\spring-jcl-5.0.8.RELEASE.jar;C:\Users\Gilbert\.gradle\caches\modules-2\files-2.1\javax.inject\javax.inject\1\6975da39a7040257bd51d21a231b76c915872d38\javax.inject-1.jar;C:\Users\Gilbert\.gradle\caches\modules-2\files-2.1\com.github.tomakehurst\wiremock-standalone\2.18.0\cf7776dc7a0176d4f4a990155d819279078859f9\wiremock-standalone-2.18.0.jar;C:\Users\Gilbert\.gradle\caches\modules-2\files-2.1\org.codehaus.groovy\groovy-nio\2.4.15\e554522a3b38dd9f26dd5709b0ba218552e5b1a9\groovy-nio-2.4.15.jar;C:\Users\Gilbert\.gradle\caches\modules-2\files-2.1\io.rest-assured\json-path\3.0.7\b88986affb0a464b65facb734065e36a500d0cd\json-path-3.0.7.jar;C:\Users\Gilbert\.gradle\caches\modules-2\files-2.1\org.codehaus.groovy\groovy-json\2.4.15\f6f6890181821246398cd44ba1fdf74f55717697\groovy-json-2.4.15.jar;C:\Users\Gilbert\.gradle\caches\modules-2\files-2.1\io.rest-assured\xml-path\3.0.7\175683707be16e97bf2955bc6a5ca9c4407f084b\xml-path-3.0.7.jar;C:\Users\Gilbert\.gradle\caches\modules-2\files-2.1\org.codehaus.groovy\groovy-xml\2.4.15\40865f59469e6b0808c9c304bd17038997220c72\groovy-xml-2.4.15.jar;C:\Users\Gilbert\.gradle\caches\modules-2\files-2.1\io.rest-assured\rest-assured-common\3.0.7\db26519055c660180c654dc6b239445865a27281\rest-assured-common-3.0.7.jar;C:\Users\Gilbert\.gradle\caches\modules-2\files-2.1\org.codehaus.groovy\groovy\2.4.15\74b7e0b99526c569e3a59cb84dbcc6204d601ee6\groovy-2.4.15.jar;C:\Users\Gilbert\.gradle\caches\modules-2\files-2.1\commons-beanutils\commons-beanutils\1.9.3\c845703de334ddc6b4b3cd26835458cb1cba1f3d\commons-beanutils-1.9.3.jar;C:\Users\Gilbert\.gradle\caches\modules-2\files-2.1\org.apache.httpcomponents\httpmime\4.5.6\164343da11db817e81e24e0d9869527e069850c9\httpmime-4.5.6.jar;C:\Users\Gilbert\.gradle\caches\modules-2\files-2.1\org.apache.httpcomponents\httpclient\4.5.6\1afe5621985efe90a92d0fbc9be86271efbe796f\httpclient-4.5.6.jar;C:\Users\Gilbert\.gradle\caches\modules-2\files-2.1\org.ccil.cowan.tagsoup\tagsoup\1.2.1\5584627487e984c03456266d3f8802eb85a9ce97\tagsoup-1.2.1.jar;C:\Users\Gilbert\.gradle\caches\modules-2\files-2.1\net.minidev\accessors-smart\1.2\c592b500269bfde36096641b01238a8350f8aa31\accessors-smart-1.2.jar;C:\Users\Gilbert\.gradle\caches\modules-2\files-2.1\org.ow2.asm\asm\5.1\5ef31c4fe953b1fd00b8a88fa1d6820e8785bb45\asm-5.1.jar;C:\Users\Gilbert\.gradle\caches\modules-2\files-2.1\org.apache.ant\ant\1.9.6\80e2063b01bab3c79c2d84e4ed5e73868394c85a\ant-1.9.6.jar;C:\Users\Gilbert\.gradle\caches\modules-2\files-2.1\com.fasterxml.jackson.core\jackson-annotations\2.9.0\7c10d545325e3a6e72e06381afe469fd40eb701\jackson-annotations-2.9.0.jar;C:\Users\Gilbert\.gradle\caches\modules-2\files-2.1\com.fasterxml.jackson.core\jackson-core\2.9.6\4e393793c37c77e042ccc7be5a914ae39251b365\jackson-core-2.9.6.jar;C:\Users\Gilbert\.gradle\caches\modules-2\files-2.1\dk.brics.automaton\automaton\1.11-8\6ebfa65eb431ff4b715a23be7a750cbc4cc96d0f\automaton-1.11-8.jar;C:\Users\Gilbert\.gradle\caches\modules-2\files-2.1\org.apache.commons\commons-text\1.1\c336bf600f44b88af356c8a85eef4af822b06a4d\commons-text-1.1.jar;C:\Users\Gilbert\.gradle\caches\modules-2\files-2.1\org.apache.commons\commons-lang3\3.7\557edd918fd41f9260963583ebf5a61a43a6b423\commons-lang3-3.7.jar;C:\Users\Gilbert\.gradle\caches\modules-2\files-2.1\org.antlr\antlr4-runtime\4.5.1-1\66144204f9d6d7d3f3f775622c2dd7e9bd511d97\antlr4-runtime-4.5.1-1.jar;C:\Users\Gilbert\.gradle\caches\modules-2\files-2.1\org.mozilla\rhino\1.7R4\e982f2136574b9a423186fbaeaaa98dc3e5a5288\rhino-1.7R4.jar;C:\Users\Gilbert\.gradle\caches\modules-2\files-2.1\commons-logging\commons-logging\1.2\4bfc12adfe4842bf07b657f0369c4cb522955686\commons-logging-1.2.jar;C:\Users\Gilbert\.gradle\caches\modules-2\files-2.1\commons-collections\commons-collections\3.2.2\8ad72fe39fa8c91eaaf12aadb21e0c3661fe26d5\commons-collections-3.2.2.jar;C:\Users\Gilbert\.gradle\caches\modules-2\files-2.1\org.apache.httpcomponents\httpcore\4.4.10\acc54d9b28bdffe4bbde89ed2e4a1e86b5285e2b\httpcore-4.4.10.jar;C:\Users\Gilbert\.gradle\caches\modules-2\files-2.1\commons-codec\commons-codec\1.11\3acb4705652e16236558f0f4f2192cc33c3bd189\commons-codec-1.11.jar;C:\Users\Gilbert\.gradle\caches\modules-2\files-2.1\javax.xml.bind\jaxb-api\2.3.0\99f802e0cb3e953ba3d6e698795c4aeb98d37c48\jaxb-api-2.3.0.jar;C:\Users\Gilbert\.gradle\caches\modules-2\files-2.1\org.apache.ant\ant-launcher\1.9.6\d75dd4c39ba06401f20e7afffb861d268baec6bc\ant-launcher-1.9.6.jar;C:\Users\Gilbert\.gradle\caches\modules-2\files-2.1\ch.qos.logback\logback-core\1.2.3\864344400c3d4d92dfeb0a305dc87d953677c03c\logback-core-1.2.3.jar;C:\Users\Gilbert\.gradle\caches\modules-2\files-2.1\org.apache.logging.log4j\log4j-api\2.10.0\fec5797a55b786184a537abd39c3fa1449d752d6\log4j-api-2.10.0.jar, user.name=Gilbert, java.vm.specification.version=1.8, sun.java.command=worker.org.gradle.process.internal.worker.GradleWorkerMain 'Gradle Test Executor 4', java.home=D:\Program Files\Java\jdk1.8.0_172\jre, sun.arch.data.model=64, user.language=zh, java.specification.vendor=Oracle Corporation, awt.toolkit=sun.awt.windows.WToolkit, java.vm.info=mixed mode, java.version=1.8.0_172, java.ext.dirs=D:\Program Files\Java\jdk1.8.0_172\jre\lib\ext;C:\WINDOWS\Sun\Java\lib\ext, sun.boot.class.path=D:\Program Files\Java\jdk1.8.0_172\jre\lib\resources.jar;D:\Program Files\Java\jdk1.8.0_172\jre\lib\rt.jar;D:\Program Files\Java\jdk1.8.0_172\jre\lib\sunrsasign.jar;D:\Program Files\Java\jdk1.8.0_172\jre\lib\jsse.jar;D:\Program Files\Java\jdk1.8.0_172\jre\lib\jce.jar;D:\Program Files\Java\jdk1.8.0_172\jre\lib\charsets.jar;D:\Program Files\Java\jdk1.8.0_172\jre\lib\jfr.jar;D:\Program Files\Java\jdk1.8.0_172\jre\classes, java.vendor=Oracle Corporation, org.gradle.test.worker=4, file.separator=\, java.vendor.url.bug=http://bugreport.sun.com/bugreport/, sun.io.unicode.encoding=UnicodeLittle, sun.cpu.endian=little, sun.desktop=windows, sun.cpu.isalist=amd64}}, SystemEnvironmentPropertySource@6382949 {name='systemEnvironment', properties={USERDOMAIN_ROAMINGPROFILE=DESKTOP-QBRR765, LOCALAPPDATA=C:\Users\Gilbert\AppData\Local, PROCESSOR_LEVEL=6, VS140COMNTOOLS=D:\Program Files (x86)\Microsoft Visual Studio 14.0\Common7\Tools\, USERDOMAIN=DESKTOP-QBRR765, LOGONSERVER=\\DESKTOP-QBRR765, JAVA_HOME=D:\Program Files\Java\jdk1.8.0_172, SESSIONNAME=Console, ALLUSERSPROFILE=C:\ProgramData, PROCESSOR_ARCHITECTURE=AMD64, CMKAE_HOME=D:\Program Files (x86)\CMake, GRADLE_HOME=D:\Program Files\gradle\gradle-4.8.1, PSModulePath=C:\Program Files\WindowsPowerShell\Modules;C:\WINDOWS\system32\WindowsPowerShell\v1.0\Modules, SystemDrive=C:, ERLANG_HOME=D:\Program Files\erl10.0.1, JRE_HOME=D:\Program Files\Java\jre1.8.0_172, VS100COMNTOOLS=D:\Program Files (x86)\Microsoft Visual Studio 10.0\Common7\Tools\, OneDrive=C:\Users\Gilbert\OneDrive, APPDATA=C:\Users\Gilbert\AppData\Roaming, USERNAME=Gilbert, ProgramFiles(x86)=C:\Program Files (x86), CommonProgramFiles=C:\Program Files\Common Files, Path=D:\Program Files\apache-maven\apache-maven-3.5.4\bin;D:\Program Files\Java\jdk1.8.0_172\bin;D:\Program Files\Java\jre1.8.0_172\bin;D:\Program Files\gradle\gradle-4.8.1\bin;%CMAKE_HOME%\bin;C:\WINDOWS\system32;C:\WINDOWS;C:\WINDOWS\System32\Wbem;C:\WINDOWS\System32\WindowsPowerShell\v1.0\;D:\Program Files (x86)\CMake\bin;C:\WINDOWS\System32\OpenSSH\;C:\ProgramData\Oracle\Java\javapath;D:\Program Files\Git\cmd;C:\Program Files (x86)\Windows Kits\8.1\Windows Performance Toolkit\;D:\Program Files (x86)\MySQL\MySQL Utilities 1.6\;C:\Users\Gilbert\AppData\Local\Microsoft\WindowsApps;, PATHEXT=.COM;.EXE;.BAT;.CMD;.VBS;.VBE;.JS;.JSE;.WSF;.WSH;.MSC, DriverData=C:\Windows\System32\Drivers\DriverData, Maven_Home=D:\Program Files\apache-maven\apache-maven-3.5.4, OS=Windows_NT, COMPUTERNAME=DESKTOP-QBRR765, PROCESSOR_REVISION=8e0a, CLASSPATH=D:\Program Files\Java\jdk1.8.0_172\lib;D:\Program Files\Java\jre1.8.0_172\lib;, CommonProgramW6432=C:\Program Files\Common Files, ComSpec=C:\WINDOWS\system32\cmd.exe, ProgramData=C:\ProgramData, ProgramW6432=C:\Program Files, HOMEPATH=\Users\Gilbert, SystemRoot=C:\WINDOWS, TEMP=C:\Users\Gilbert\AppData\Local\Temp, HOMEDRIVE=C:, PROCESSOR_IDENTIFIER=Intel64 Family 6 Model 142 Stepping 10, GenuineIntel, USERPROFILE=C:\Users\Gilbert, TMP=C:\Users\Gilbert\AppData\Local\Temp, CommonProgramFiles(x86)=C:\Program Files (x86)\Common Files, ProgramFiles=C:\Program Files, PUBLIC=C:\Users\Public, NUMBER_OF_PROCESSORS=8, windir=C:\WINDOWS, =::=::\}}]
22:19:59.674 [Test worker] DEBUG org.springframework.test.context.support.TestPropertySourceUtils - Adding inlined properties to environment: {spring.jmx.enabled=false, org.springframework.boot.test.context.SpringBootTestContextBootstrapper=true, server.port=-1}
22:19:59.674 [Test worker] DEBUG org.springframework.core.env.StandardEnvironment - Adding PropertySource 'Inlined Test Properties' with highest search precedence

  .   ____          _            __ _ _
 /\\ / ___'_ __ _ _(_)_ __  __ _ \ \ \ \
( ( )\___ | '_ | '_| | '_ \/ _` | \ \ \ \
 \\/  ___)| |_)| | | | | || (_| |  ) ) ) )
  '  |____| .__|_| |_|_| |_\__, | / / / /
 =========|_|==============|___/=/_/_/_/
 :: Spring Boot ::        (v2.0.4.RELEASE)

2018-08-03 22:19:59.868  INFO 16912 --- [    Test worker] o.s.c.contract.verifier.tests.HelloTest  : Starting HelloTest on DESKTOP-QBRR765 with PID 16912 (started by Gilbert in E:\git\Spring-Guides\reactive-rest\service)
2018-08-03 22:19:59.870  INFO 16912 --- [    Test worker] o.s.c.contract.verifier.tests.HelloTest  : No active profile set, falling back to default profiles: default
2018-08-03 22:20:00.114  INFO 16912 --- [    Test worker] o.s.w.c.s.GenericWebApplicationContext   : Refreshing org.springframework.web.context.support.GenericWebApplicationContext@2a9689c7: startup date [Fri Aug 03 22:20:00 CST 2018]; root of context hierarchy
2018-08-03 22:20:01.071  INFO 16912 --- [    Test worker] f.a.AutowiredAnnotationBeanPostProcessor : JSR-330 'javax.inject.Inject' annotation found and supported for autowiring
2018-08-03 22:20:01.438  INFO 16912 --- [    Test worker] o.s.w.s.handler.SimpleUrlHandlerMapping  : Mapped URL path [/**/favicon.ico] onto handler of type [class org.springframework.web.servlet.resource.ResourceHttpRequestHandler]
2018-08-03 22:20:01.591  INFO 16912 --- [    Test worker] s.w.s.m.m.a.RequestMappingHandlerAdapter : Looking for @ControllerAdvice: org.springframework.web.context.support.GenericWebApplicationContext@2a9689c7: startup date [Fri Aug 03 22:20:00 CST 2018]; root of context hierarchy
2018-08-03 22:20:01.658  INFO 16912 --- [    Test worker] s.w.s.m.m.a.RequestMappingHandlerMapping : Mapped "{[/person/{id}],methods=[GET]}" onto public hello.Person hello.PersonRestController.findPersonById(java.lang.Long)
2018-08-03 22:20:01.661  INFO 16912 --- [    Test worker] s.w.s.m.m.a.RequestMappingHandlerMapping : Mapped "{[/error]}" onto public org.springframework.http.ResponseEntity<java.util.Map<java.lang.String, java.lang.Object>> org.springframework.boot.autoconfigure.web.servlet.error.BasicErrorController.error(javax.servlet.http.HttpServletRequest)
2018-08-03 22:20:01.662  INFO 16912 --- [    Test worker] s.w.s.m.m.a.RequestMappingHandlerMapping : Mapped "{[/error],produces=[text/html]}" onto public org.springframework.web.servlet.ModelAndView org.springframework.boot.autoconfigure.web.servlet.error.BasicErrorController.errorHtml(javax.servlet.http.HttpServletRequest,javax.servlet.http.HttpServletResponse)
2018-08-03 22:20:01.692  INFO 16912 --- [    Test worker] o.s.w.s.handler.SimpleUrlHandlerMapping  : Mapped URL path [/webjars/**] onto handler of type [class org.springframework.web.servlet.resource.ResourceHttpRequestHandler]
2018-08-03 22:20:01.692  INFO 16912 --- [    Test worker] o.s.w.s.handler.SimpleUrlHandlerMapping  : Mapped URL path [/**] onto handler of type [class org.springframework.web.servlet.resource.ResourceHttpRequestHandler]
2018-08-03 22:20:01.862  INFO 16912 --- [    Test worker] o.s.c.contract.verifier.tests.HelloTest  : Started HelloTest in 2.178 seconds (JVM running for 3.119)
2018-08-03 22:20:02.071  INFO 16912 --- [    Test worker] s.w.s.m.m.a.RequestMappingHandlerMapping : Mapped "{[/person/{id}],methods=[GET]}" onto public hello.Person hello.PersonRestController.findPersonById(java.lang.Long)
2018-08-03 22:20:02.083  INFO 16912 --- [    Test worker] s.w.s.m.m.a.RequestMappingHandlerAdapter : Looking for @ControllerAdvice: org.springframework.test.web.servlet.setup.StubWebApplicationContext@61748e2f
2018-08-03 22:20:02.088  INFO 16912 --- [    Test worker] o.s.mock.web.MockServletContext          : Initializing Spring FrameworkServlet ''
2018-08-03 22:20:02.088  INFO 16912 --- [    Test worker] o.s.t.web.servlet.TestDispatcherServlet  : FrameworkServlet '': initialization started
2018-08-03 22:20:02.089  INFO 16912 --- [    Test worker] o.s.t.web.servlet.TestDispatcherServlet  : FrameworkServlet '': initialization completed in 1 ms
]]></system-out>
  <system-err><![CDATA[]]></system-err>
</testsuite>
